\BOOKMARK [0][-]{section*.2}{\376\377\000H\000a\000l\000a\000m\000a\000n\000\040\000J\000u\000d\000u\000l}{}% 1
\BOOKMARK [0][-]{section*.4}{\376\377\000L\000e\000m\000b\000a\000r\000\040\000P\000e\000r\000s\000e\000t\000u\000j\000u\000a\000n\000\040\000D\000o\000s\000e\000n\000\040\000K\000e\000r\000j\000a\000\040\000P\000r\000a\000k\000t\000i\000k}{}% 2
\BOOKMARK [0][-]{section*.5}{\376\377\000A\000b\000s\000t\000r\000a\000k}{}% 3
\BOOKMARK [0][-]{section*.6}{\376\377\000D\000a\000f\000t\000a\000r\000\040\000I\000s\000i}{}% 4
\BOOKMARK [0][-]{section*.7}{\376\377\000D\000a\000f\000t\000a\000r\000\040\000G\000a\000m\000b\000a\000r}{}% 5
\BOOKMARK [0][-]{section*.8}{\376\377\000D\000a\000f\000t\000a\000r\000\040\000T\000a\000b\000e\000l}{}% 6
\BOOKMARK [0][-]{section*.9}{\376\377\000D\000a\000f\000t\000a\000r\000\040\000K\000o\000d\000e\000\040\000P\000r\000o\000g\000r\000a\000m}{}% 7
\BOOKMARK [0][-]{section*.10}{\376\377\000D\000a\000f\000t\000a\000r\000\040\000L\000a\000m\000p\000i\000r\000a\000n}{}% 8
\BOOKMARK [0][-]{chapter.1}{\376\377\0001\000\040\000P\000E\000N\000D\000A\000H\000U\000L\000U\000A\000N}{}% 9
\BOOKMARK [1][-]{section.1.1}{\376\377\0001\000.\0001\000\040\000P\000r\000o\000s\000e\000s\000\040\000P\000e\000n\000c\000a\000r\000i\000a\000n\000\040\000K\000e\000r\000j\000a\000\040\000P\000r\000a\000k\000t\000i\000k}{chapter.1}% 10
\BOOKMARK [1][-]{section.1.2}{\376\377\0001\000.\0002\000\040\000T\000e\000m\000p\000a\000t\000\040\000K\000e\000r\000j\000a\000\040\000P\000r\000a\000k\000t\000i\000k}{chapter.1}% 11
\BOOKMARK [2][-]{subsection.1.2.1}{\376\377\0001\000.\0002\000.\0001\000\040\000P\000r\000o\000f\000i\000l\000\040\000T\000e\000m\000p\000a\000t\000\040\000K\000e\000r\000j\000a\000\040\000P\000r\000a\000k\000t\000i\000k}{section.1.2}% 12
\BOOKMARK [2][-]{subsection.1.2.2}{\376\377\0001\000.\0002\000.\0002\000\040\000P\000o\000s\000i\000s\000i\000\040\000P\000e\000n\000e\000m\000p\000a\000t\000a\000n\000\040\000P\000e\000l\000a\000k\000s\000a\000n\000a\000\040\000K\000e\000r\000j\000a\000\040\000P\000r\000a\000k\000t\000i\000k\000\040\000d\000a\000l\000a\000m\000\040\000S\000t\000r\000u\000k\000t\000u\000r\000\040\000O\000r\000g\000a\000n\000i\000s\000a\000s\000i}{section.1.2}% 13
\BOOKMARK [0][-]{chapter.2}{\376\377\0002\000\040\000I\000S\000I}{}% 14
\BOOKMARK [1][-]{section.2.1}{\376\377\0002\000.\0001\000\040\000L\000a\000t\000a\000r\000\040\000B\000e\000l\000a\000k\000a\000n\000g\000\040\000P\000e\000k\000e\000r\000j\000a\000a\000n}{chapter.2}% 15
\BOOKMARK [1][-]{section.2.2}{\376\377\0002\000.\0002\000\040\000D\000e\000s\000k\000r\000i\000p\000s\000i\000\040\000P\000e\000k\000e\000r\000j\000a\000a\000n}{chapter.2}% 16
\BOOKMARK [1][-]{section.2.3}{\376\377\0002\000.\0003\000\040\000T\000i\000n\000j\000a\000u\000a\000n\000\040\000P\000u\000s\000t\000a\000k\000a}{chapter.2}% 17
\BOOKMARK [2][-]{subsection.2.3.1}{\376\377\0002\000.\0003\000.\0001\000\040\000A\000p\000a\000c\000h\000e\000\040\000K\000a\000f\000k\000a}{section.2.3}% 18
\BOOKMARK [2][-]{subsection.2.3.2}{\376\377\0002\000.\0003\000.\0002\000\040\000D\000o\000c\000k\000e\000r\000\040\000C\000o\000n\000t\000a\000i\000n\000e\000r\000i\000z\000a\000t\000i\000o\000n}{section.2.3}% 19
\BOOKMARK [2][-]{subsection.2.3.3}{\376\377\0002\000.\0003\000.\0003\000\040\000A\000p\000a\000c\000h\000e\000\040\000Z\000o\000o\000k\000e\000e\000p\000e\000r}{section.2.3}% 20
\BOOKMARK [2][-]{subsection.2.3.4}{\376\377\0002\000.\0003\000.\0004\000\040\000D\000i\000s\000t\000r\000i\000b\000u\000t\000e\000d\000\040\000S\000y\000s\000t\000e\000m}{section.2.3}% 21
\BOOKMARK [1][-]{section.2.4}{\376\377\0002\000.\0004\000\040\000M\000e\000t\000o\000d\000o\000l\000o\000g\000i\000\040\000P\000e\000k\000e\000r\000j\000a\000a\000n}{chapter.2}% 22
\BOOKMARK [1][-]{section.2.5}{\376\377\0002\000.\0005\000\040\000T\000e\000k\000n\000o\000l\000o\000g\000i}{chapter.2}% 23
\BOOKMARK [1][-]{section.2.6}{\376\377\0002\000.\0006\000\040\000H\000a\000s\000i\000l\000\040\000P\000e\000k\000e\000r\000j\000a\000a\000n}{chapter.2}% 24
\BOOKMARK [1][-]{section.2.7}{\376\377\0002\000.\0007\000\040\000A\000s\000p\000e\000k\000\040\000N\000o\000n\000\040\000T\000e\000k\000n\000i\000s}{chapter.2}% 25
\BOOKMARK [2][-]{subsection.2.7.1}{\376\377\0002\000.\0007\000.\0001\000\040\000K\000o\000m\000u\000n\000i\000k\000a\000s\000i}{section.2.7}% 26
\BOOKMARK [2][-]{subsection.2.7.2}{\376\377\0002\000.\0007\000.\0002\000\040\000K\000e\000r\000j\000a\000\040\000S\000a\000m\000a\000\040\000T\000i\000m}{section.2.7}% 27
\BOOKMARK [1][-]{section.2.8}{\376\377\0002\000.\0008\000\040\000A\000n\000a\000l\000i\000s\000i\000s\000\040\000P\000e\000l\000a\000k\000s\000a\000n\000a\000a\000n\000\040\000K\000e\000r\000j\000a\000\040\000P\000r\000a\000k\000t\000i\000k}{chapter.2}% 28
\BOOKMARK [2][-]{subsection.2.8.1}{\376\377\0002\000.\0008\000.\0001\000\040\000U\000l\000a\000s\000a\000n\000\040\000k\000e\000s\000e\000s\000u\000a\000i\000a\000n\000\040\000d\000a\000n\000\040\000p\000e\000r\000b\000e\000d\000a\000a\000n\000\040\000d\000e\000n\000g\000a\000n\000\040\000K\000A\000K\000P}{section.2.8}% 29
\BOOKMARK [2][-]{subsection.2.8.2}{\376\377\0002\000.\0008\000.\0002\000\040\000U\000l\000a\000s\000a\000n\000\040\000t\000e\000n\000t\000a\000n\000g\000\040\000k\000e\000n\000d\000a\000l\000a\000\040\000d\000a\000n\000\040\000c\000a\000r\000a\000\040\000m\000e\000n\000a\000n\000g\000a\000n\000i\000n\000y\000a}{section.2.8}% 30
\BOOKMARK [3][-]{subsubsection.2.8.2.1}{\376\377\0002\000.\0008\000.\0002\000.\0001\000\040\000T\000i\000d\000a\000k\000\040\000M\000e\000m\000i\000l\000i\000k\000i\000\040\000A\000k\000s\000e\000s\000\040\000R\000o\000o\000t\000\040\000p\000a\000d\000a\000\040\000I\000n\000f\000r\000a\000s\000t\000r\000u\000k\000t\000u\000r\000\040\000U\000I}{subsection.2.8.2}% 31
\BOOKMARK [3][-]{subsubsection.2.8.2.2}{\376\377\0002\000.\0008\000.\0002\000.\0002\000\040\000D\000o\000k\000u\000m\000e\000n\000t\000a\000s\000i\000\040\000d\000a\000r\000i\000\040\000P\000e\000n\000e\000l\000i\000t\000i\000\040\000A\000s\000l\000i\000\040\000K\000u\000r\000a\000n\000g\000\040\000L\000e\000n\000g\000k\000a\000p\000\040\000a\000t\000a\000u\000\040\000U\000s\000a\000n\000g}{subsection.2.8.2}% 32
\BOOKMARK [3][-]{subsubsection.2.8.2.3}{\376\377\0002\000.\0008\000.\0002\000.\0003\000\040\000P\000e\000n\000g\000g\000u\000n\000a\000a\000n\000\040\000R\000e\000s\000o\000u\000r\000c\000e\000\040\000y\000a\000n\000g\000\040\000B\000e\000s\000a\000r}{subsection.2.8.2}% 33
\BOOKMARK [2][-]{subsection.2.8.3}{\376\377\0002\000.\0008\000.\0003\000\040\000P\000e\000n\000i\000l\000a\000i\000a\000n\000\040\000I\000n\000d\000i\000v\000i\000d\000u\000\040\000T\000e\000r\000h\000a\000d\000a\000p\000\040\000T\000e\000m\000p\000a\000t\000\040\000K\000e\000r\000j\000a\000\040\000P\000r\000a\000k\000t\000i\000k}{section.2.8}% 34
\BOOKMARK [2][-]{subsection.2.8.4}{\376\377\0002\000.\0008\000.\0004\000\040\000R\000e\000l\000e\000v\000a\000n\000s\000i\000\040\000d\000e\000n\000g\000a\000n\000\040\000P\000e\000r\000k\000u\000l\000i\000a\000h\000a\000n}{section.2.8}% 35
\BOOKMARK [3][-]{subsubsection.2.8.4.1}{\376\377\0002\000.\0008\000.\0004\000.\0001\000\040\000S\000i\000s\000t\000e\000m\000\040\000O\000p\000e\000r\000a\000s\000i}{subsection.2.8.4}% 36
\BOOKMARK [3][-]{subsubsection.2.8.4.2}{\376\377\0002\000.\0008\000.\0004\000.\0002\000\040\000J\000a\000r\000i\000n\000g\000a\000n\000\040\000K\000o\000m\000p\000u\000t\000e\000r}{subsection.2.8.4}% 37
\BOOKMARK [3][-]{subsubsection.2.8.4.3}{\376\377\0002\000.\0008\000.\0004\000.\0003\000\040\000P\000e\000m\000r\000o\000g\000r\000a\000m\000a\000n\000\040\000L\000a\000n\000j\000u\000t}{subsection.2.8.4}% 38
\BOOKMARK [0][-]{chapter.3}{\376\377\0003\000\040\000P\000E\000N\000U\000T\000U\000P}{}% 39
\BOOKMARK [1][-]{section.3.1}{\376\377\0003\000.\0001\000\040\000K\000e\000s\000i\000m\000p\000u\000l\000a\000n}{chapter.3}% 40
\BOOKMARK [1][-]{section.3.2}{\376\377\0003\000.\0002\000\040\000S\000a\000r\000a\000n}{chapter.3}% 41
\BOOKMARK [2][-]{subsection.3.2.1}{\376\377\0003\000.\0002\000.\0001\000\040\000P\000e\000l\000a\000k\000s\000a\000n\000a\000\040\000K\000e\000r\000j\000a\000\040\000P\000r\000a\000k\000t\000i\000k\000\040\000B\000e\000r\000i\000k\000u\000t\000n\000y\000a}{section.3.2}% 42
\BOOKMARK [2][-]{subsection.3.2.2}{\376\377\0003\000.\0002\000.\0002\000\040\000F\000a\000k\000u\000l\000t\000a\000s\000\040\000I\000l\000m\000u\000\040\000K\000o\000m\000p\000u\000t\000e\000r\000\040\000U\000I}{section.3.2}% 43
\BOOKMARK [0][-]{section*.12}{\376\377\000D\000a\000f\000t\000a\000r\000\040\000R\000e\000f\000e\000r\000e\000n\000s\000i}{}% 44
