This is pdfTeX, Version 3.141592653-2.6-1.40.26 (TeX Live 2024) (preloaded format=pdflatex 2024.9.20)  26 OCT 2024 22:11
entering extended mode
 restricted \write18 enabled.
 file:line:error style messages enabled.
 %&-line parsing enabled.
**c:/Users/bryan/Downloads/latex-skripsi-ui-2017/laporan.tex
(c:/Users/bryan/Downloads/latex-skripsi-ui-2017/laporan.tex
LaTeX2e <2024-06-01> patch level 2
L3 programming layer <2024-08-30>
(c:/texlive/2024/texmf-dist/tex/latex/base/report.cls
Document Class: report 2024/02/08 v1.4n Standard LaTeX document class
(c:/texlive/2024/texmf-dist/tex/latex/base/size12.clo
File: size12.clo 2024/02/08 v1.4n Standard LaTeX file (size option)
)
\c@part=\count194
\c@chapter=\count195
\c@section=\count196
\c@subsection=\count197
\c@subsubsection=\count198
\c@paragraph=\count199
\c@subparagraph=\count266
\c@figure=\count267
\c@table=\count268
\abovecaptionskip=\skip49
\belowcaptionskip=\skip50
\bibindent=\dimen141
) (c:/texlive/2024/texmf-dist/tex/latex/hyphenat/hyphenat.sty
Package: hyphenat 2009/09/02 v2.3c hyphenation utilities
\langwohyphens=\language89
LaTeX Info: Redefining \_ on input line 43.
) (c:/texlive/2024/texmf-dist/tex/latex/hyperref/hyperref.sty
Package: hyperref 2024-07-10 v7.01j Hypertext links for LaTeX
 (c:/texlive/2024/texmf-dist/tex/generic/iftex/iftex.sty
Package: iftex 2022/02/03 v1.0f TeX engine tests
) (c:/texlive/2024/texmf-dist/tex/latex/graphics/keyval.sty
Package: keyval 2022/05/29 v1.15 key=value parser (DPC)
\KV@toks@=\toks17
) (c:/texlive/2024/texmf-dist/tex/latex/kvsetkeys/kvsetkeys.sty
Package: kvsetkeys 2022-10-05 v1.19 Key value parser (HO)
) (c:/texlive/2024/texmf-dist/tex/generic/kvdefinekeys/kvdefinekeys.sty
Package: kvdefinekeys 2019-12-19 v1.6 Define keys (HO)
) (c:/texlive/2024/texmf-dist/tex/generic/pdfescape/pdfescape.sty
Package: pdfescape 2019/12/09 v1.15 Implements pdfTeX's escape features (HO)
 (c:/texlive/2024/texmf-dist/tex/generic/ltxcmds/ltxcmds.sty
Package: ltxcmds 2023-12-04 v1.26 LaTeX kernel commands for general use (HO)
) (c:/texlive/2024/texmf-dist/tex/generic/pdftexcmds/pdftexcmds.sty
Package: pdftexcmds 2020-06-27 v0.33 Utility functions of pdfTeX for LuaTeX (HO)
 (c:/texlive/2024/texmf-dist/tex/generic/infwarerr/infwarerr.sty
Package: infwarerr 2019/12/03 v1.5 Providing info/warning/error messages (HO)
)
Package pdftexcmds Info: \pdf@primitive is available.
Package pdftexcmds Info: \pdf@ifprimitive is available.
Package pdftexcmds Info: \pdfdraftmode found.
)) (c:/texlive/2024/texmf-dist/tex/latex/hycolor/hycolor.sty
Package: hycolor 2020-01-27 v1.10 Color options for hyperref/bookmark (HO)
) (c:/texlive/2024/texmf-dist/tex/latex/hyperref/nameref.sty
Package: nameref 2023-11-26 v2.56 Cross-referencing by name of section
 (c:/texlive/2024/texmf-dist/tex/latex/refcount/refcount.sty
Package: refcount 2019/12/15 v3.6 Data extraction from label references (HO)
) (c:/texlive/2024/texmf-dist/tex/generic/gettitlestring/gettitlestring.sty
Package: gettitlestring 2019/12/15 v1.6 Cleanup title references (HO)
 (c:/texlive/2024/texmf-dist/tex/latex/kvoptions/kvoptions.sty
Package: kvoptions 2022-06-15 v3.15 Key value format for package options (HO)
))
\c@section@level=\count269
) (c:/texlive/2024/texmf-dist/tex/latex/etoolbox/etoolbox.sty
Package: etoolbox 2020/10/05 v2.5k e-TeX tools for LaTeX (JAW)
\etb@tempcnta=\count270
) (c:/texlive/2024/texmf-dist/tex/generic/stringenc/stringenc.sty
Package: stringenc 2019/11/29 v1.12 Convert strings between diff. encodings (HO)
)
\@linkdim=\dimen142
\Hy@linkcounter=\count271
\Hy@pagecounter=\count272
 (c:/texlive/2024/texmf-dist/tex/latex/hyperref/pd1enc.def
File: pd1enc.def 2024-07-10 v7.01j Hyperref: PDFDocEncoding definition (HO)
Now handling font encoding PD1 ...
... no UTF-8 mapping file for font encoding PD1
) (c:/texlive/2024/texmf-dist/tex/generic/intcalc/intcalc.sty
Package: intcalc 2019/12/15 v1.3 Expandable calculations with integers (HO)
)
\Hy@SavedSpaceFactor=\count273
 (c:/texlive/2024/texmf-dist/tex/latex/hyperref/puenc.def
File: puenc.def 2024-07-10 v7.01j Hyperref: PDF Unicode definition (HO)
Now handling font encoding PU ...
... no UTF-8 mapping file for font encoding PU
)
Package hyperref Info: Option `final' set `true' on input line 4040.
Package hyperref Info: Hyper figures OFF on input line 4157.
Package hyperref Info: Link nesting OFF on input line 4162.
Package hyperref Info: Hyper index ON on input line 4165.
Package hyperref Info: Plain pages OFF on input line 4172.
Package hyperref Info: Backreferencing OFF on input line 4177.
Package hyperref Info: Implicit mode ON; LaTeX internals redefined.
Package hyperref Info: Bookmarks ON on input line 4424.
\c@Hy@tempcnt=\count274
 (c:/texlive/2024/texmf-dist/tex/latex/url/url.sty
\Urlmuskip=\muskip17
Package: url 2013/09/16  ver 3.4  Verb mode for urls, etc.
)
LaTeX Info: Redefining \url on input line 4763.
\XeTeXLinkMargin=\dimen143
 (c:/texlive/2024/texmf-dist/tex/generic/bitset/bitset.sty
Package: bitset 2019/12/09 v1.3 Handle bit-vector datatype (HO)
 (c:/texlive/2024/texmf-dist/tex/generic/bigintcalc/bigintcalc.sty
Package: bigintcalc 2019/12/15 v1.5 Expandable calculations on big integers (HO)
))
\Fld@menulength=\count275
\Field@Width=\dimen144
\Fld@charsize=\dimen145
Package hyperref Info: Hyper figures OFF on input line 6042.
Package hyperref Info: Link nesting OFF on input line 6047.
Package hyperref Info: Hyper index ON on input line 6050.
Package hyperref Info: backreferencing OFF on input line 6057.
Package hyperref Info: Link coloring OFF on input line 6062.
Package hyperref Info: Link coloring with OCG OFF on input line 6067.
Package hyperref Info: PDF/A mode OFF on input line 6072.
 (c:/texlive/2024/texmf-dist/tex/latex/base/atbegshi-ltx.sty
Package: atbegshi-ltx 2021/01/10 v1.0c Emulation of the original atbegshi
package with kernel methods
)
\Hy@abspage=\count276
\c@Item=\count277
\c@Hfootnote=\count278
)
Package hyperref Info: Driver (autodetected): hpdftex.
 (c:/texlive/2024/texmf-dist/tex/latex/hyperref/hpdftex.def
File: hpdftex.def 2024-07-10 v7.01j Hyperref driver for pdfTeX
 (c:/texlive/2024/texmf-dist/tex/latex/base/atveryend-ltx.sty
Package: atveryend-ltx 2020/08/19 v1.0a Emulation of the original atveryend package
with kernel methods
)
\Fld@listcount=\count279
\c@bookmark@seq@number=\count280
 (c:/texlive/2024/texmf-dist/tex/latex/rerunfilecheck/rerunfilecheck.sty
Package: rerunfilecheck 2022-07-10 v1.10 Rerun checks for auxiliary files (HO)
 (c:/texlive/2024/texmf-dist/tex/generic/uniquecounter/uniquecounter.sty
Package: uniquecounter 2019/12/15 v1.4 Provide unlimited unique counter (HO)
)
Package uniquecounter Info: New unique counter `rerunfilecheck' on input line 285.
)
\Hy@SectionHShift=\skip51
) (c:/texlive/2024/texmf-dist/tex/latex/pdfpages/pdfpages.sty
Package: pdfpages 2024/08/20 v0.6b Insert pages of external PDF documents (AM)
 (c:/texlive/2024/texmf-dist/tex/latex/base/ifthen.sty
Package: ifthen 2024/03/16 v1.1e Standard LaTeX ifthen package (DPC)
) (c:/texlive/2024/texmf-dist/tex/latex/tools/calc.sty
Package: calc 2023/07/08 v4.3 Infix arithmetic (KKT,FJ)
\calc@Acount=\count281
\calc@Bcount=\count282
\calc@Adimen=\dimen146
\calc@Bdimen=\dimen147
\calc@Askip=\skip52
\calc@Bskip=\skip53
LaTeX Info: Redefining \setlength on input line 80.
LaTeX Info: Redefining \addtolength on input line 81.
\calc@Ccount=\count283
\calc@Cskip=\skip54
) (c:/texlive/2024/texmf-dist/tex/latex/eso-pic/eso-pic.sty
Package: eso-pic 2023/05/03 v3.0c eso-pic (RN)
\ESO@tempdima=\dimen148
\ESO@tempdimb=\dimen149
 (c:/texlive/2024/texmf-dist/tex/latex/xcolor/xcolor.sty
Package: xcolor 2023/11/15 v3.01 LaTeX color extensions (UK)
 (c:/texlive/2024/texmf-dist/tex/latex/graphics-cfg/color.cfg
File: color.cfg 2016/01/02 v1.6 sample color configuration
)
Package xcolor Info: Driver file: pdftex.def on input line 274.
 (c:/texlive/2024/texmf-dist/tex/latex/graphics-def/pdftex.def
File: pdftex.def 2024/04/13 v1.2c Graphics/color driver for pdftex
) (c:/texlive/2024/texmf-dist/tex/latex/graphics/mathcolor.ltx)
Package xcolor Info: Model `cmy' substituted by `cmy0' on input line 1350.
Package xcolor Info: Model `hsb' substituted by `rgb' on input line 1354.
Package xcolor Info: Model `RGB' extended on input line 1366.
Package xcolor Info: Model `HTML' substituted by `rgb' on input line 1368.
Package xcolor Info: Model `Hsb' substituted by `hsb' on input line 1369.
Package xcolor Info: Model `tHsb' substituted by `hsb' on input line 1370.
Package xcolor Info: Model `HSB' substituted by `hsb' on input line 1371.
Package xcolor Info: Model `Gray' substituted by `gray' on input line 1372.
Package xcolor Info: Model `wave' substituted by `hsb' on input line 1373.
)) (c:/texlive/2024/texmf-dist/tex/latex/graphics/graphicx.sty
Package: graphicx 2021/09/16 v1.2d Enhanced LaTeX Graphics (DPC,SPQR)
 (c:/texlive/2024/texmf-dist/tex/latex/graphics/graphics.sty
Package: graphics 2024/05/23 v1.4g Standard LaTeX Graphics (DPC,SPQR)
 (c:/texlive/2024/texmf-dist/tex/latex/graphics/trig.sty
Package: trig 2023/12/02 v1.11 sin cos tan (DPC)
) (c:/texlive/2024/texmf-dist/tex/latex/graphics-cfg/graphics.cfg
File: graphics.cfg 2016/06/04 v1.11 sample graphics configuration
)
Package graphics Info: Driver file: pdftex.def on input line 106.
)
\Gin@req@height=\dimen150
\Gin@req@width=\dimen151
)
\AM@pagewidth=\dimen152
\AM@pageheight=\dimen153
\AM@fboxrule=\dimen154
 (c:/texlive/2024/texmf-dist/tex/latex/pdfpages/pppdftex.def
File: pppdftex.def 2024/08/20 v0.6b Pdfpages driver for pdfTeX (AM)
)
\pdfpages@includegraphics@status=\count284
\AM@pagebox=\box52
\AM@global@opts=\toks18
\AM@pagecnt=\count285
\AM@toc@title=\toks19
\AM@lof@heading=\toks20
\c@AM@survey=\count286
\AM@templatesizebox=\box53
) (./_internals/uithesis.sty (c:/texlive/2024/texmf-dist/tex/latex/tocbibind/tocbibind.sty
Package: tocbibind 2010/10/13 v1.5k extra ToC listings
Package tocbibind Info: The document has chapter divisions on input line 50.


Package tocbibind Note: Using chapter style headings, unless overridden.

) (c:/texlive/2024/texmf-dist/tex/latex/enumitem/enumitem.sty
Package: enumitem 2019/06/20 v3.9 Customized lists
\labelindent=\skip55
\enit@outerparindent=\dimen155
\enit@toks=\toks21
\enit@inbox=\box54
\enit@count@id=\count287
\enitdp@description=\count288
) (c:/texlive/2024/texmf-dist/tex/latex/booktabs/booktabs.sty
Package: booktabs 2020/01/12 v1.61803398 Publication quality tables
\heavyrulewidth=\dimen156
\lightrulewidth=\dimen157
\cmidrulewidth=\dimen158
\belowrulesep=\dimen159
\belowbottomsep=\dimen160
\aboverulesep=\dimen161
\abovetopsep=\dimen162
\cmidrulesep=\dimen163
\cmidrulekern=\dimen164
\defaultaddspace=\dimen165
\@cmidla=\count289
\@cmidlb=\count290
\@aboverulesep=\dimen166
\@belowrulesep=\dimen167
\@thisruleclass=\count291
\@lastruleclass=\count292
\@thisrulewidth=\dimen168
) (c:/texlive/2024/texmf-dist/tex/latex/tocloft/tocloft.sty
Package: tocloft 2017/08/31 v2.3i parameterised ToC, etc., typesetting
Package tocloft Info: The document has chapter divisions on input line 51.
\cftparskip=\skip56
\cftbeforetoctitleskip=\skip57
\cftaftertoctitleskip=\skip58
\cftbeforepartskip=\skip59
\cftpartnumwidth=\skip60
\cftpartindent=\skip61
\cftbeforechapskip=\skip62
\cftchapindent=\skip63
\cftchapnumwidth=\skip64
\cftbeforesecskip=\skip65
\cftsecindent=\skip66
\cftsecnumwidth=\skip67
\cftbeforesubsecskip=\skip68
\cftsubsecindent=\skip69
\cftsubsecnumwidth=\skip70
\cftbeforesubsubsecskip=\skip71
\cftsubsubsecindent=\skip72
\cftsubsubsecnumwidth=\skip73
\cftbeforeparaskip=\skip74
\cftparaindent=\skip75
\cftparanumwidth=\skip76
\cftbeforesubparaskip=\skip77
\cftsubparaindent=\skip78
\cftsubparanumwidth=\skip79
\cftbeforeloftitleskip=\skip80
\cftafterloftitleskip=\skip81
\cftbeforefigskip=\skip82
\cftfigindent=\skip83
\cftfignumwidth=\skip84
\c@lofdepth=\count293
\c@lotdepth=\count294
\cftbeforelottitleskip=\skip85
\cftafterlottitleskip=\skip86
\cftbeforetabskip=\skip87
\cfttabindent=\skip88
\cfttabnumwidth=\skip89
) (c:/texlive/2024/texmf-dist/tex/latex/multirow/multirow.sty
Package: multirow 2021/03/15 v2.8 Span multiple rows of a table
\multirow@colwidth=\skip90
\multirow@cntb=\count295
\multirow@dima=\skip91
\bigstrutjot=\dimen169
) (c:/texlive/2024/texmf-dist/tex/latex/wrapfig/wrapfig.sty
\wrapoverhang=\dimen170
\WF@size=\dimen171
\c@WF@wrappedlines=\count296
\WF@box=\box55
\WF@everypar=\toks22
Package: wrapfig 2003/01/31  v 3.6
) (c:/texlive/2024/texmf-dist/tex/latex/setspace/setspace.sty
Package: setspace 2022/12/04 v6.7b set line spacing
) (c:/texlive/2024/texmf-dist/tex/latex/geometry/geometry.sty
Package: geometry 2020/01/02 v5.9 Page Geometry
 (c:/texlive/2024/texmf-dist/tex/generic/iftex/ifvtex.sty
Package: ifvtex 2019/10/25 v1.7 ifvtex legacy package. Use iftex instead.
)
\Gm@cnth=\count297
\Gm@cntv=\count298
\c@Gm@tempcnt=\count299
\Gm@bindingoffset=\dimen172
\Gm@wd@mp=\dimen173
\Gm@odd@mp=\dimen174
\Gm@even@mp=\dimen175
\Gm@layoutwidth=\dimen176
\Gm@layoutheight=\dimen177
\Gm@layouthoffset=\dimen178
\Gm@layoutvoffset=\dimen179
\Gm@dimlist=\toks23
) (c:/texlive/2024/texmf-dist/tex/latex/caption/caption.sty
Package: caption 2023/08/05 v3.6o Customizing captions (AR)
 (c:/texlive/2024/texmf-dist/tex/latex/caption/caption3.sty
Package: caption3 2023/07/31 v2.4d caption3 kernel (AR)
\caption@tempdima=\dimen180
\captionmargin=\dimen181
\caption@leftmargin=\dimen182
\caption@rightmargin=\dimen183
\caption@width=\dimen184
\caption@indent=\dimen185
\caption@parindent=\dimen186
\caption@hangindent=\dimen187
Package caption Info: Standard document class detected.
)
\c@caption@flags=\count300
\c@continuedfloat=\count301
Package caption Info: hyperref package is loaded.
Package caption Info: wrapfig package is loaded.
) (c:/texlive/2024/texmf-dist/tex/latex/amsmath/amsmath.sty
Package: amsmath 2024/05/23 v2.17q AMS math features
\@mathmargin=\skip92

For additional information on amsmath, use the `?' option.
(c:/texlive/2024/texmf-dist/tex/latex/amsmath/amstext.sty
Package: amstext 2021/08/26 v2.01 AMS text
 (c:/texlive/2024/texmf-dist/tex/latex/amsmath/amsgen.sty
File: amsgen.sty 1999/11/30 v2.0 generic functions
\@emptytoks=\toks24
\ex@=\dimen188
)) (c:/texlive/2024/texmf-dist/tex/latex/amsmath/amsbsy.sty
Package: amsbsy 1999/11/29 v1.2d Bold Symbols
\pmbraise@=\dimen189
) (c:/texlive/2024/texmf-dist/tex/latex/amsmath/amsopn.sty
Package: amsopn 2022/04/08 v2.04 operator names
)
\inf@bad=\count302
LaTeX Info: Redefining \frac on input line 233.
\uproot@=\count303
\leftroot@=\count304
LaTeX Info: Redefining \overline on input line 398.
LaTeX Info: Redefining \colon on input line 409.
\classnum@=\count305
\DOTSCASE@=\count306
LaTeX Info: Redefining \ldots on input line 495.
LaTeX Info: Redefining \dots on input line 498.
LaTeX Info: Redefining \cdots on input line 619.
\Mathstrutbox@=\box56
\strutbox@=\box57
LaTeX Info: Redefining \big on input line 721.
LaTeX Info: Redefining \Big on input line 722.
LaTeX Info: Redefining \bigg on input line 723.
LaTeX Info: Redefining \Bigg on input line 724.
\big@size=\dimen190
LaTeX Font Info:    Redeclaring font encoding OML on input line 742.
LaTeX Font Info:    Redeclaring font encoding OMS on input line 743.
\macc@depth=\count307
LaTeX Info: Redefining \bmod on input line 904.
LaTeX Info: Redefining \pmod on input line 909.
LaTeX Info: Redefining \smash on input line 939.
LaTeX Info: Redefining \relbar on input line 969.
LaTeX Info: Redefining \Relbar on input line 970.
\c@MaxMatrixCols=\count308
\dotsspace@=\muskip18
\c@parentequation=\count309
\dspbrk@lvl=\count310
\tag@help=\toks25
\row@=\count311
\column@=\count312
\maxfields@=\count313
\andhelp@=\toks26
\eqnshift@=\dimen191
\alignsep@=\dimen192
\tagshift@=\dimen193
\tagwidth@=\dimen194
\totwidth@=\dimen195
\lineht@=\dimen196
\@envbody=\toks27
\multlinegap=\skip93
\multlinetaggap=\skip94
\mathdisplay@stack=\toks28
LaTeX Info: Redefining \[ on input line 2953.
LaTeX Info: Redefining \] on input line 2954.
) (c:/texlive/2024/texmf-dist/tex/latex/amsfonts/amsfonts.sty
Package: amsfonts 2013/01/14 v3.01 Basic AMSFonts support
\symAMSa=\mathgroup4
\symAMSb=\mathgroup5
LaTeX Font Info:    Redeclaring math symbol \hbar on input line 98.
LaTeX Font Info:    Overwriting math alphabet `\mathfrak' in version `bold'
(Font)                  U/euf/m/n --> U/euf/b/n on input line 106.
) (c:/texlive/2024/texmf-dist/tex/latex/tools/bm.sty
Package: bm 2023/12/19 v1.2f Bold Symbol Support (DPC/FMi)
\symboldoperators=\mathgroup6
\symboldletters=\mathgroup7
\symboldsymbols=\mathgroup8
Package bm Info: No bold for \OMX/cmex/m/n, using \pmb.
Package bm Info: No bold for \U/msa/m/n, using \pmb.
Package bm Info: No bold for \U/msb/m/n, using \pmb.
LaTeX Font Info:    Redeclaring math alphabet \mathbf on input line 149.
) (c:/texlive/2024/texmf-dist/tex/latex/tools/afterpage.sty
Package: afterpage 2023/07/04 v1.08 After-Page Package (DPC)
\AP@output=\toks29
\AP@partial=\box58
\AP@footins=\box59
) (c:/texlive/2024/texmf-dist/tex/latex/tools/longtable.sty
Package: longtable 2024-04-26 v4.20 Multi-page Table package (DPC)
\LTleft=\skip95
\LTright=\skip96
\LTpre=\skip97
\LTpost=\skip98
\LTchunksize=\count314
\LTcapwidth=\dimen197
\LT@head=\box60
\LT@firsthead=\box61
\LT@foot=\box62
\LT@lastfoot=\box63
\LT@gbox=\box64
\LT@cols=\count315
\LT@rows=\count316
\c@LT@tables=\count317
\c@LT@chunks=\count318
\LT@p@ftn=\toks30
) (c:/texlive/2024/texmf-dist/tex/latex/graphics/lscape.sty
Package: lscape 2020/05/28 v3.02 Landscape Pages (DPC)
) (c:/texlive/2024/texmf-dist/tex/latex/tikzpagenodes/tikzpagenodes.sty
Package: tikzpagenodes 2012/09/16 v1.1 Special PGF/TikZ nodes for areas of the page
 (c:/texlive/2024/texmf-dist/tex/latex/pgf/frontendlayer/tikz.sty (c:/texlive/2024/texmf-dist/tex/latex/pgf/basiclayer/pgf.sty (c:/texlive/2024/texmf-dist/tex/latex/pgf/utilities/pgfrcs.sty (c:/texlive/2024/texmf-dist/tex/generic/pgf/utilities/pgfutil-common.tex
\pgfutil@everybye=\toks31
\pgfutil@tempdima=\dimen198
\pgfutil@tempdimb=\dimen199
) (c:/texlive/2024/texmf-dist/tex/generic/pgf/utilities/pgfutil-latex.def
\pgfutil@abb=\box65
) (c:/texlive/2024/texmf-dist/tex/generic/pgf/utilities/pgfrcs.code.tex (c:/texlive/2024/texmf-dist/tex/generic/pgf/pgf.revision.tex)
Package: pgfrcs 2023-01-15 v3.1.10 (3.1.10)
))
Package: pgf 2023-01-15 v3.1.10 (3.1.10)
 (c:/texlive/2024/texmf-dist/tex/latex/pgf/basiclayer/pgfcore.sty (c:/texlive/2024/texmf-dist/tex/latex/pgf/systemlayer/pgfsys.sty (c:/texlive/2024/texmf-dist/tex/generic/pgf/systemlayer/pgfsys.code.tex
Package: pgfsys 2023-01-15 v3.1.10 (3.1.10)
 (c:/texlive/2024/texmf-dist/tex/generic/pgf/utilities/pgfkeys.code.tex
\pgfkeys@pathtoks=\toks32
\pgfkeys@temptoks=\toks33
 (c:/texlive/2024/texmf-dist/tex/generic/pgf/utilities/pgfkeyslibraryfiltered.code.tex
\pgfkeys@tmptoks=\toks34
))
\pgf@x=\dimen256
\pgf@y=\dimen257
\pgf@xa=\dimen258
\pgf@ya=\dimen259
\pgf@xb=\dimen260
\pgf@yb=\dimen261
\pgf@xc=\dimen262
\pgf@yc=\dimen263
\pgf@xd=\dimen264
\pgf@yd=\dimen265
\w@pgf@writea=\write3
\r@pgf@reada=\read2
\c@pgf@counta=\count319
\c@pgf@countb=\count320
\c@pgf@countc=\count321
\c@pgf@countd=\count322
\t@pgf@toka=\toks35
\t@pgf@tokb=\toks36
\t@pgf@tokc=\toks37
\pgf@sys@id@count=\count323
 (c:/texlive/2024/texmf-dist/tex/generic/pgf/systemlayer/pgf.cfg
File: pgf.cfg 2023-01-15 v3.1.10 (3.1.10)
)
Driver file for pgf: pgfsys-pdftex.def
 (c:/texlive/2024/texmf-dist/tex/generic/pgf/systemlayer/pgfsys-pdftex.def
File: pgfsys-pdftex.def 2023-01-15 v3.1.10 (3.1.10)
 (c:/texlive/2024/texmf-dist/tex/generic/pgf/systemlayer/pgfsys-common-pdf.def
File: pgfsys-common-pdf.def 2023-01-15 v3.1.10 (3.1.10)
))) (c:/texlive/2024/texmf-dist/tex/generic/pgf/systemlayer/pgfsyssoftpath.code.tex
File: pgfsyssoftpath.code.tex 2023-01-15 v3.1.10 (3.1.10)
\pgfsyssoftpath@smallbuffer@items=\count324
\pgfsyssoftpath@bigbuffer@items=\count325
) (c:/texlive/2024/texmf-dist/tex/generic/pgf/systemlayer/pgfsysprotocol.code.tex
File: pgfsysprotocol.code.tex 2023-01-15 v3.1.10 (3.1.10)
)) (c:/texlive/2024/texmf-dist/tex/generic/pgf/basiclayer/pgfcore.code.tex
Package: pgfcore 2023-01-15 v3.1.10 (3.1.10)
 (c:/texlive/2024/texmf-dist/tex/generic/pgf/math/pgfmath.code.tex (c:/texlive/2024/texmf-dist/tex/generic/pgf/math/pgfmathutil.code.tex) (c:/texlive/2024/texmf-dist/tex/generic/pgf/math/pgfmathparser.code.tex
\pgfmath@dimen=\dimen266
\pgfmath@count=\count326
\pgfmath@box=\box66
\pgfmath@toks=\toks38
\pgfmath@stack@operand=\toks39
\pgfmath@stack@operation=\toks40
) (c:/texlive/2024/texmf-dist/tex/generic/pgf/math/pgfmathfunctions.code.tex) (c:/texlive/2024/texmf-dist/tex/generic/pgf/math/pgfmathfunctions.basic.code.tex) (c:/texlive/2024/texmf-dist/tex/generic/pgf/math/pgfmathfunctions.trigonometric.code.tex) (c:/texlive/2024/texmf-dist/tex/generic/pgf/math/pgfmathfunctions.random.code.tex) (c:/texlive/2024/texmf-dist/tex/generic/pgf/math/pgfmathfunctions.comparison.code.tex) (c:/texlive/2024/texmf-dist/tex/generic/pgf/math/pgfmathfunctions.base.code.tex) (c:/texlive/2024/texmf-dist/tex/generic/pgf/math/pgfmathfunctions.round.code.tex) (c:/texlive/2024/texmf-dist/tex/generic/pgf/math/pgfmathfunctions.misc.code.tex) (c:/texlive/2024/texmf-dist/tex/generic/pgf/math/pgfmathfunctions.integerarithmetics.code.tex) (c:/texlive/2024/texmf-dist/tex/generic/pgf/math/pgfmathcalc.code.tex) (c:/texlive/2024/texmf-dist/tex/generic/pgf/math/pgfmathfloat.code.tex
\c@pgfmathroundto@lastzeros=\count327
)) (c:/texlive/2024/texmf-dist/tex/generic/pgf/math/pgfint.code.tex) (c:/texlive/2024/texmf-dist/tex/generic/pgf/basiclayer/pgfcorepoints.code.tex
File: pgfcorepoints.code.tex 2023-01-15 v3.1.10 (3.1.10)
\pgf@picminx=\dimen267
\pgf@picmaxx=\dimen268
\pgf@picminy=\dimen269
\pgf@picmaxy=\dimen270
\pgf@pathminx=\dimen271
\pgf@pathmaxx=\dimen272
\pgf@pathminy=\dimen273
\pgf@pathmaxy=\dimen274
\pgf@xx=\dimen275
\pgf@xy=\dimen276
\pgf@yx=\dimen277
\pgf@yy=\dimen278
\pgf@zx=\dimen279
\pgf@zy=\dimen280
) (c:/texlive/2024/texmf-dist/tex/generic/pgf/basiclayer/pgfcorepathconstruct.code.tex
File: pgfcorepathconstruct.code.tex 2023-01-15 v3.1.10 (3.1.10)
\pgf@path@lastx=\dimen281
\pgf@path@lasty=\dimen282
) (c:/texlive/2024/texmf-dist/tex/generic/pgf/basiclayer/pgfcorepathusage.code.tex
File: pgfcorepathusage.code.tex 2023-01-15 v3.1.10 (3.1.10)
\pgf@shorten@end@additional=\dimen283
\pgf@shorten@start@additional=\dimen284
) (c:/texlive/2024/texmf-dist/tex/generic/pgf/basiclayer/pgfcorescopes.code.tex
File: pgfcorescopes.code.tex 2023-01-15 v3.1.10 (3.1.10)
\pgfpic=\box67
\pgf@hbox=\box68
\pgf@layerbox@main=\box69
\pgf@picture@serial@count=\count328
) (c:/texlive/2024/texmf-dist/tex/generic/pgf/basiclayer/pgfcoregraphicstate.code.tex
File: pgfcoregraphicstate.code.tex 2023-01-15 v3.1.10 (3.1.10)
\pgflinewidth=\dimen285
) (c:/texlive/2024/texmf-dist/tex/generic/pgf/basiclayer/pgfcoretransformations.code.tex
File: pgfcoretransformations.code.tex 2023-01-15 v3.1.10 (3.1.10)
\pgf@pt@x=\dimen286
\pgf@pt@y=\dimen287
\pgf@pt@temp=\dimen288
) (c:/texlive/2024/texmf-dist/tex/generic/pgf/basiclayer/pgfcorequick.code.tex
File: pgfcorequick.code.tex 2023-01-15 v3.1.10 (3.1.10)
) (c:/texlive/2024/texmf-dist/tex/generic/pgf/basiclayer/pgfcoreobjects.code.tex
File: pgfcoreobjects.code.tex 2023-01-15 v3.1.10 (3.1.10)
) (c:/texlive/2024/texmf-dist/tex/generic/pgf/basiclayer/pgfcorepathprocessing.code.tex
File: pgfcorepathprocessing.code.tex 2023-01-15 v3.1.10 (3.1.10)
) (c:/texlive/2024/texmf-dist/tex/generic/pgf/basiclayer/pgfcorearrows.code.tex
File: pgfcorearrows.code.tex 2023-01-15 v3.1.10 (3.1.10)
\pgfarrowsep=\dimen289
) (c:/texlive/2024/texmf-dist/tex/generic/pgf/basiclayer/pgfcoreshade.code.tex
File: pgfcoreshade.code.tex 2023-01-15 v3.1.10 (3.1.10)
\pgf@max=\dimen290
\pgf@sys@shading@range@num=\count329
\pgf@shadingcount=\count330
) (c:/texlive/2024/texmf-dist/tex/generic/pgf/basiclayer/pgfcoreimage.code.tex
File: pgfcoreimage.code.tex 2023-01-15 v3.1.10 (3.1.10)
) (c:/texlive/2024/texmf-dist/tex/generic/pgf/basiclayer/pgfcoreexternal.code.tex
File: pgfcoreexternal.code.tex 2023-01-15 v3.1.10 (3.1.10)
\pgfexternal@startupbox=\box70
) (c:/texlive/2024/texmf-dist/tex/generic/pgf/basiclayer/pgfcorelayers.code.tex
File: pgfcorelayers.code.tex 2023-01-15 v3.1.10 (3.1.10)
) (c:/texlive/2024/texmf-dist/tex/generic/pgf/basiclayer/pgfcoretransparency.code.tex
File: pgfcoretransparency.code.tex 2023-01-15 v3.1.10 (3.1.10)
) (c:/texlive/2024/texmf-dist/tex/generic/pgf/basiclayer/pgfcorepatterns.code.tex
File: pgfcorepatterns.code.tex 2023-01-15 v3.1.10 (3.1.10)
) (c:/texlive/2024/texmf-dist/tex/generic/pgf/basiclayer/pgfcorerdf.code.tex
File: pgfcorerdf.code.tex 2023-01-15 v3.1.10 (3.1.10)
))) (c:/texlive/2024/texmf-dist/tex/generic/pgf/modules/pgfmoduleshapes.code.tex
File: pgfmoduleshapes.code.tex 2023-01-15 v3.1.10 (3.1.10)
\pgfnodeparttextbox=\box71
) (c:/texlive/2024/texmf-dist/tex/generic/pgf/modules/pgfmoduleplot.code.tex
File: pgfmoduleplot.code.tex 2023-01-15 v3.1.10 (3.1.10)
) (c:/texlive/2024/texmf-dist/tex/latex/pgf/compatibility/pgfcomp-version-0-65.sty
Package: pgfcomp-version-0-65 2023-01-15 v3.1.10 (3.1.10)
\pgf@nodesepstart=\dimen291
\pgf@nodesepend=\dimen292
) (c:/texlive/2024/texmf-dist/tex/latex/pgf/compatibility/pgfcomp-version-1-18.sty
Package: pgfcomp-version-1-18 2023-01-15 v3.1.10 (3.1.10)
)) (c:/texlive/2024/texmf-dist/tex/latex/pgf/utilities/pgffor.sty (c:/texlive/2024/texmf-dist/tex/latex/pgf/utilities/pgfkeys.sty (c:/texlive/2024/texmf-dist/tex/generic/pgf/utilities/pgfkeys.code.tex)) (c:/texlive/2024/texmf-dist/tex/latex/pgf/math/pgfmath.sty (c:/texlive/2024/texmf-dist/tex/generic/pgf/math/pgfmath.code.tex)) (c:/texlive/2024/texmf-dist/tex/generic/pgf/utilities/pgffor.code.tex
Package: pgffor 2023-01-15 v3.1.10 (3.1.10)
\pgffor@iter=\dimen293
\pgffor@skip=\dimen294
\pgffor@stack=\toks41
\pgffor@toks=\toks42
)) (c:/texlive/2024/texmf-dist/tex/generic/pgf/frontendlayer/tikz/tikz.code.tex
Package: tikz 2023-01-15 v3.1.10 (3.1.10)
 (c:/texlive/2024/texmf-dist/tex/generic/pgf/libraries/pgflibraryplothandlers.code.tex
File: pgflibraryplothandlers.code.tex 2023-01-15 v3.1.10 (3.1.10)
\pgf@plot@mark@count=\count331
\pgfplotmarksize=\dimen295
)
\tikz@lastx=\dimen296
\tikz@lasty=\dimen297
\tikz@lastxsaved=\dimen298
\tikz@lastysaved=\dimen299
\tikz@lastmovetox=\dimen300
\tikz@lastmovetoy=\dimen301
\tikzleveldistance=\dimen302
\tikzsiblingdistance=\dimen303
\tikz@figbox=\box72
\tikz@figbox@bg=\box73
\tikz@tempbox=\box74
\tikz@tempbox@bg=\box75
\tikztreelevel=\count332
\tikznumberofchildren=\count333
\tikznumberofcurrentchild=\count334
\tikz@fig@count=\count335
 (c:/texlive/2024/texmf-dist/tex/generic/pgf/modules/pgfmodulematrix.code.tex
File: pgfmodulematrix.code.tex 2023-01-15 v3.1.10 (3.1.10)
\pgfmatrixcurrentrow=\count336
\pgfmatrixcurrentcolumn=\count337
\pgf@matrix@numberofcolumns=\count338
)
\tikz@expandcount=\count339
 (c:/texlive/2024/texmf-dist/tex/generic/pgf/frontendlayer/tikz/libraries/tikzlibrarytopaths.code.tex
File: tikzlibrarytopaths.code.tex 2023-01-15 v3.1.10 (3.1.10)
))) (c:/texlive/2024/texmf-dist/tex/latex/ifoddpage/ifoddpage.sty
Package: ifoddpage 2022/10/18 v1.2 Conditionals for odd/even page detection
\c@checkoddpage=\count340
)) (c:/texlive/2024/texmf-dist/tex/latex/pslatex/pslatex.sty
Package: pslatex 2021/01/13 v1.3 pslatex emulation (DPC)
LaTeX Font Info:    Redeclaring symbol font `operators' on input line 66.
LaTeX Font Info:    Overwriting symbol font `operators' in version `normal'
(Font)                  OT1/cmr/m/n --> OT1/ptmcm/m/n on input line 66.
LaTeX Font Info:    Overwriting symbol font `operators' in version `bold'
(Font)                  OT1/cmr/bx/n --> OT1/ptmcm/m/n on input line 66.
LaTeX Font Info:    Redeclaring symbol font `letters' on input line 67.
LaTeX Font Info:    Overwriting symbol font `letters' in version `normal'
(Font)                  OML/cmm/m/it --> OML/ptmcm/m/it on input line 67.
LaTeX Font Info:    Overwriting symbol font `letters' in version `bold'
(Font)                  OML/cmm/b/it --> OML/ptmcm/m/it on input line 67.
LaTeX Font Info:    Redeclaring symbol font `symbols' on input line 68.
LaTeX Font Info:    Overwriting symbol font `symbols' in version `normal'
(Font)                  OMS/cmsy/m/n --> OMS/pzccm/m/n on input line 68.
LaTeX Font Info:    Overwriting symbol font `symbols' in version `bold'
(Font)                  OMS/cmsy/b/n --> OMS/pzccm/m/n on input line 68.
LaTeX Font Info:    Redeclaring symbol font `largesymbols' on input line 69.
LaTeX Font Info:    Overwriting symbol font `largesymbols' in version `normal'
(Font)                  OMX/cmex/m/n --> OMX/psycm/m/n on input line 69.
LaTeX Font Info:    Overwriting symbol font `largesymbols' in version `bold'
(Font)                  OMX/cmex/m/n --> OMX/psycm/m/n on input line 69.
\symbold=\mathgroup9
\symitalic=\mathgroup10
LaTeX Font Info:    Redeclaring math alphabet \mathbf on input line 75.
LaTeX Font Info:    Redeclaring math alphabet \mathit on input line 76.
LaTeX Font Info:    Overwriting math alphabet `\mathit' in version `normal'
(Font)                  OT1/cmr/m/it --> OT1/ptm/m/it on input line 76.
LaTeX Font Info:    Overwriting math alphabet `\mathit' in version `bold'
(Font)                  OT1/cmr/bx/it --> OT1/ptm/m/it on input line 76.
) (c:/texlive/2024/texmf-dist/tex/latex/fancyhdr/fancyhdr.sty
Package: fancyhdr 2024/07/23 v4.3.1 Extensive control of page headers and footers
\f@nch@headwidth=\skip99
\f@nch@O@elh=\skip100
\f@nch@O@erh=\skip101
\f@nch@O@olh=\skip102
\f@nch@O@orh=\skip103
\f@nch@O@elf=\skip104
\f@nch@O@erf=\skip105
\f@nch@O@olf=\skip106
\f@nch@O@orf=\skip107
) (./_internals/fncychap.sty

LaTeX Warning: You have requested package `_internals/fncychap',
               but the package provides `fncychap'.

Package: fncychap 2007/07/30 v1.34 LaTeX package (Revised chapters)
\RW=\skip108
\mylen=\skip109
\myhi=\skip110
\px=\skip111
\py=\skip112
\pyy=\skip113
\pxx=\skip114
) (c:/texlive/2024/texmf-dist/tex/latex/colortbl/colortbl.sty
Package: colortbl 2024/07/06 v1.0i Color table columns (DPC)
 (c:/texlive/2024/texmf-dist/tex/latex/tools/array.sty
Package: array 2024/06/14 v2.6d Tabular extension package (FMi)
\col@sep=\dimen304
\ar@mcellbox=\box76
\extrarowheight=\dimen305
\NC@list=\toks43
\extratabsurround=\skip115
\backup@length=\skip116
\ar@cellbox=\box77
)
\everycr=\toks44
\minrowclearance=\skip117
\rownum=\count341
) (c:/texlive/2024/texmf-dist/tex/latex/float/float.sty
Package: float 2001/11/08 v1.3d Float enhancements (AL)
\c@float@type=\count342
\float@exts=\toks45
\float@box=\box78
\@float@everytoks=\toks46
\@floatcapt=\box79
) (c:/texlive/2024/texmf-dist/tex/latex/tools/multicol.sty
Package: multicol 2024/05/23 v1.9h multicolumn formatting (FMi)
\c@tracingmulticols=\count343
\mult@box=\box80
\multicol@leftmargin=\dimen306
\c@unbalance=\count344
\c@collectmore=\count345
\doublecol@number=\count346
\multicoltolerance=\count347
\multicolpretolerance=\count348
\full@width=\dimen307
\page@free=\dimen308
\premulticols=\dimen309
\postmulticols=\dimen310
\multicolsep=\skip118
\multicolbaselineskip=\skip119
\partial@page=\box81
\last@line=\box82
\mc@boxedresult=\box83
\maxbalancingoverflow=\dimen311
\mult@rightbox=\box84
\mult@grightbox=\box85
\mult@firstbox=\box86
\mult@gfirstbox=\box87
\@tempa=\box88
\@tempa=\box89
\@tempa=\box90
\@tempa=\box91
\@tempa=\box92
\@tempa=\box93
\@tempa=\box94
\@tempa=\box95
\@tempa=\box96
\@tempa=\box97
\@tempa=\box98
\@tempa=\box99
\@tempa=\box100
\@tempa=\box101
\@tempa=\box102
\@tempa=\box103
\@tempa=\box104
\@tempa=\box105
\@tempa=\box106
\@tempa=\box107
\@tempa=\box108
\@tempa=\box109
\@tempa=\box110
\@tempa=\box111
\@tempa=\box112
\@tempa=\box113
\@tempa=\box114
\@tempa=\box115
\@tempa=\box116
\@tempa=\box117
\@tempa=\box118
\@tempa=\box119
\@tempa=\box120
\@tempa=\box121
\@tempa=\box122
\@tempa=\box123
\c@minrows=\count349
\c@columnbadness=\count350
\c@finalcolumnbadness=\count351
\last@try=\dimen312
\multicolovershoot=\dimen313
\multicolundershoot=\dimen314
\mult@nat@firstbox=\box124
\colbreak@box=\box125
\mc@col@check@num=\count352
) (c:/texlive/2024/texmf-dist/tex/latex/listings/listings.sty
\lst@mode=\count353
\lst@gtempboxa=\box126
\lst@token=\toks47
\lst@length=\count354
\lst@currlwidth=\dimen315
\lst@column=\count355
\lst@pos=\count356
\lst@lostspace=\dimen316
\lst@width=\dimen317
\lst@newlines=\count357
\lst@lineno=\count358
\lst@maxwidth=\dimen318
 (c:/texlive/2024/texmf-dist/tex/latex/listings/lstpatch.sty
File: lstpatch.sty 2024/05/25 1.10b (Carsten Heinz)
) (c:/texlive/2024/texmf-dist/tex/latex/listings/lstmisc.sty
File: lstmisc.sty 2024/05/25 1.10b (Carsten Heinz)
\c@lstnumber=\count359
\lst@skipnumbers=\count360
\lst@framebox=\box127
) (c:/texlive/2024/texmf-dist/tex/latex/listings/listings.cfg
File: listings.cfg 2024/05/25 1.10b listings configuration
))
Package: listings 2024/05/25 1.10b (Carsten Heinz)
 (c:/texlive/2024/texmf-dist/tex/latex/l3packages/xparse/xparse.sty (c:/texlive/2024/texmf-dist/tex/latex/l3kernel/expl3.sty
Package: expl3 2024-08-30 L3 programming layer (loader) 
 (c:/texlive/2024/texmf-dist/tex/latex/l3backend/l3backend-pdftex.def
File: l3backend-pdftex.def 2024-05-08 L3 backend support: PDF output (pdfTeX)
\l__color_backend_stack_int=\count361
\l__pdf_internal_box=\box128
))
Package: xparse 2024-08-16 L3 Experimental document command parser
) (c:/texlive/2024/texmf-dist/tex/latex/changepage/changepage.sty
Package: changepage 2009/10/20 v1.0c check page and change page layout
\c@cp@cntr=\count362
\cp@tempcnt=\count363
LaTeX Info: Redefining \checkoddpage on input line 59.
) (c:/texlive/2024/texmf-dist/tex/latex/everyshi/everyshi.sty
Package: everyshi 2020/11/18 v4.00 EveryShipout Package
) (c:/texlive/2024/texmf-dist/tex/latex/apacite/apacite.sty
Package: apacite 2013/07/21 v6.03 APA citation
\c@BibCnt=\count364
\bibleftmargin=\skip120
\bibindent=\skip121
\bibparsep=\skip122
\bibitemsep=\skip123
\biblabelsep=\skip124
) (c:/texlive/2024/texmf-dist/tex/latex/natbib/natbib.sty
Package: natbib 2010/09/13 8.31b (PWD, AO)
\bibhang=\skip125
\bibsep=\skip126
LaTeX Info: Redefining \cite on input line 694.
\c@NAT@ctr=\count365
)
LaTeX Info: Redefining \BBA on input line 113.


Package hyperref Warning: Option `a4paper' is no longer used.

Package hyperref Info: Option `colorlinks' set `false' on input line 155.
Package hyperref Info: Option `bookmarksopen' set `false' on input line 155.
Package hyperref Info: Option `bookmarksnumbered' set `true' on input line 155.
\c@chapterpagecount=\count366
\c@equ=\count367
\cftbeforeequskip=\skip127
\cftequindent=\skip128
\cftequnumwidth=\skip129
\c@loedepth=\count368
\cftbeforeloetitleskip=\skip130
\cftafterloetitleskip=\skip131
\c@appendix=\count369
\cftbeforeappendixskip=\skip132
\cftappendixindent=\skip133
\cftappendixnumwidth=\skip134
\c@loxdepth=\count370
\cftbeforeloxtitleskip=\skip135
\cftafterloxtitleskip=\skip136
) (./config/settings.tex)

LaTeX Warning: \include should only be used after \begin{document} on input line 15.

(./_internals/hypeindonesia.tex) (./config/istilah.tex) (./laporan.aux (./_internals/sampul.aux) (./_internals/judul_dalam.aux) (./src/00-frontMatter/pengesahanKP.aux) (./src/00-frontMatter/abstrak.aux) (./src/00-frontMatter/abstract.aux) (./src/01-body/bab1.aux) (./src/01-body/bab2.aux) (./src/01-body/bab3.aux) (./_internals/pustaka.aux) (./_internals/markLampiran.aux) (./src/99-backMatter/lampiran.aux))
\openout1 = `laporan.aux'.

LaTeX Font Info:    Checking defaults for OML/cmm/m/it on input line 19.
LaTeX Font Info:    ... okay on input line 19.
LaTeX Font Info:    Checking defaults for OMS/pzccm/m/n on input line 19.
LaTeX Font Info:    Trying to load font information for OMS+pzccm on input line 19.
 (c:/texlive/2024/texmf-dist/tex/latex/psnfss/omspzccm.fd
File: omspzccm.fd 2000/01/03 Fontinst v1.801 font definitions for OMS/pzccm.
)
LaTeX Font Info:    ... okay on input line 19.
LaTeX Font Info:    Checking defaults for OT1/cmr/m/n on input line 19.
LaTeX Font Info:    ... okay on input line 19.
LaTeX Font Info:    Checking defaults for T1/cmr/m/n on input line 19.
LaTeX Font Info:    ... okay on input line 19.
LaTeX Font Info:    Checking defaults for TS1/cmr/m/n on input line 19.
LaTeX Font Info:    ... okay on input line 19.
LaTeX Font Info:    Checking defaults for OMX/cmex/m/n on input line 19.
LaTeX Font Info:    ... okay on input line 19.
LaTeX Font Info:    Checking defaults for U/cmr/m/n on input line 19.
LaTeX Font Info:    ... okay on input line 19.
LaTeX Font Info:    Checking defaults for PD1/pdf/m/n on input line 19.
LaTeX Font Info:    ... okay on input line 19.
LaTeX Font Info:    Checking defaults for PU/pdf/m/n on input line 19.
LaTeX Font Info:    ... okay on input line 19.
Package hyperref Info: Link coloring OFF on input line 19.
 (./laporan.out) (./laporan.out)
\@outlinefile=\write4
\openout4 = `laporan.out'.

 (c:/texlive/2024/texmf-dist/tex/context/base/mkii/supp-pdf.mkii
[Loading MPS to PDF converter (version 2006.09.02).]
\scratchcounter=\count371
\scratchdimen=\dimen319
\scratchbox=\box129
\nofMPsegments=\count372
\nofMParguments=\count373
\everyMPshowfont=\toks48
\MPscratchCnt=\count374
\MPscratchDim=\dimen320
\MPnumerator=\count375
\makeMPintoPDFobject=\count376
\everyMPtoPDFconversion=\toks49
) (c:/texlive/2024/texmf-dist/tex/latex/epstopdf-pkg/epstopdf-base.sty
Package: epstopdf-base 2020-01-24 v2.11 Base part for package epstopdf
Package epstopdf-base Info: Redefining graphics rule for `.eps' on input line 485.
 (c:/texlive/2024/texmf-dist/tex/latex/latexconfig/epstopdf-sys.cfg
File: epstopdf-sys.cfg 2010/07/13 v1.3 Configuration of (r)epstopdf for TeX Live
)) (c:/texlive/2024/texmf-dist/tex/latex/pdflscape/pdflscape.sty
Package: pdflscape 2022-10-27 v0.13 Display of landscape pages in PDF
 (c:/texlive/2024/texmf-dist/tex/latex/pdflscape/pdflscape-nometadata.sty
Package: pdflscape-nometadata 2022-10-28 v0.13 Display of landscape pages in PDF (HO)
Package pdflscape Info: Auto-detected driver: pdftex on input line 81.
))
*geometry* driver: auto-detecting
*geometry* detected driver: pdftex
*geometry* verbose mode - [ preamble ] result:
* driver: pdftex
* paper: a4paper
* layout: <same size as paper>
* layoutoffset:(h,v)=(0.0pt,0.0pt)
* modes: twoside 
* h-part:(L,W,R)=(85.35826pt, 426.79135pt, 85.35826pt)
* v-part:(T,H,B)=(85.35826pt, 674.33032pt, 85.35826pt)
* \paperwidth=597.50787pt
* \paperheight=845.04684pt
* \textwidth=426.79135pt
* \textheight=674.33032pt
* \oddsidemargin=13.08827pt
* \evensidemargin=13.08827pt
* \topmargin=-11.91173pt
* \headheight=0.0pt
* \headsep=25.0pt
* \topskip=12.0pt
* \footskip=30.0pt
* \marginparwidth=85.0pt
* \marginparsep=10.0pt
* \columnsep=10.0pt
* \skip\footins=10.8pt plus 4.0pt minus 2.0pt
* \hoffset=0.0pt
* \voffset=0.0pt
* \mag=1000
* \@twocolumnfalse
* \@twosidetrue
* \@mparswitchtrue
* \@reversemarginfalse
* (1in=72.27pt=25.4mm, 1cm=28.453pt)

Package caption Info: Begin \AtBeginDocument code.
Package caption Info: changepage package is loaded.
\caption@adjustwidth@hsize=\dimen321
\caption@adjustwidth@linewidth=\dimen322
Package caption Info: float package is loaded.
Package caption Info: listings package is loaded.
Package caption Info: longtable package is loaded.
(c:/texlive/2024/texmf-dist/tex/latex/caption/ltcaption.sty
Package: ltcaption 2021/01/08 v1.4c longtable captions (AR)
)
Package caption Info: End \AtBeginDocument code.
\c@lstlisting=\count377
\c@maskedRefs=\count378
 (c:/texlive/2024/texmf-dist/tex/latex/apacite/english.apc
File: english.apc 2013/07/21 v6.03 apacite language file
LaTeX Info: Redefining \BPBI on input line 129.
LaTeX Info: Redefining \BHBI on input line 130.
)
\openout2 = `_internals/sampul.aux'.

 (./_internals/sampul.tex
<assets/pics/makara_kuning.png, id=187, 293.1753pt x 294.1389pt>
File: assets/pics/makara_kuning.png Graphic file (type png)
<use assets/pics/makara_kuning.png>
Package pdftex.def Info: assets/pics/makara_kuning.png  used on input line 8.
(pdftex.def)             Requested size: 71.13188pt x 71.36224pt.


[1


{c:/texlive/2024/texmf-var/fonts/map/pdftex/updmap/pdftex.map}{c:/texlive/2024/texmf-dist/fonts/enc/dvips/base/8r.enc} <./assets/pics/makara_kuning.png>])


pdfTeX warning (ext4): destination with the same identifier (name{page.1}) has been already used, duplicate ignored
<to be read again> 
                   \relax 
l.23 \ifodd\thechapterpagecount\forceclearchapter
                                                 \fi [1



]

Package hyperref Warning: Token not allowed in a PDF string (Unicode):
(hyperref)                removing `\uppercase' on input line 34.

\openout2 = `_internals/judul_dalam.aux'.

(./_internals/judul_dalam.tex
<assets/pics/makara.png, id=201, 648.4225pt x 644.4075pt>
File: assets/pics/makara.png Graphic file (type png)
<use assets/pics/makara.png>
Package pdftex.def Info: assets/pics/makara.png  used on input line 6.
(pdftex.def)             Requested size: 71.13188pt x 70.68839pt.


[1

 <./assets/pics/makara.png>])


pdfTeX warning (ext4): destination with the same identifier (name{page.i}) has been already used, duplicate ignored
<to be read again> 
                   \relax 
l.34 }
       [1



]

Package hyperref Warning: Token not allowed in a PDF string (Unicode):
(hyperref)                removing `\uppercase' on input line 49.

\openout2 = `src/00-frontMatter/pengesahanKP.aux'.

(./src/00-frontMatter/pengesahanKP.tex
LaTeX Font Info:    Trying to load font information for OT1+ptmcm on input line 15.
 (c:/texlive/2024/texmf-dist/tex/latex/psnfss/ot1ptmcm.fd
File: ot1ptmcm.fd 2000/01/03 Fontinst v1.801 font definitions for OT1/ptmcm.
)
LaTeX Font Info:    Trying to load font information for OML+ptmcm on input line 15.
 (c:/texlive/2024/texmf-dist/tex/latex/psnfss/omlptmcm.fd
File: omlptmcm.fd 2000/01/03 Fontinst v1.801 font definitions for OML/ptmcm.
)
LaTeX Font Info:    Trying to load font information for OMX+psycm on input line 15.
 (c:/texlive/2024/texmf-dist/tex/latex/psnfss/omxpsycm.fd
File: omxpsycm.fd 2000/01/03 Fontinst v1.801 font definitions for OMX/psycm.
)
LaTeX Font Info:    Trying to load font information for U+msa on input line 15.
 (c:/texlive/2024/texmf-dist/tex/latex/amsfonts/umsa.fd
File: umsa.fd 2013/01/14 v3.01 AMS symbols A
)
LaTeX Font Info:    Trying to load font information for U+msb on input line 15.
 (c:/texlive/2024/texmf-dist/tex/latex/amsfonts/umsb.fd
File: umsb.fd 2013/01/14 v3.01 AMS symbols B
)
LaTeX Font Info:    Font shape `OT1/ptm/bx/n' in size <12> not available
(Font)              Font shape `OT1/ptm/b/n' tried instead on input line 15.
LaTeX Font Info:    Font shape `OT1/ptm/bx/n' in size <9> not available
(Font)              Font shape `OT1/ptm/b/n' tried instead on input line 15.
LaTeX Font Info:    Font shape `OT1/ptm/bx/n' in size <7> not available
(Font)              Font shape `OT1/ptm/b/n' tried instead on input line 15.

Underfull \hbox (badness 5862) in paragraph at lines 20--21
[]|\OT1/ptm/m/n/12 Eksperimen \OT1/ptm/m/it/12 End-To-End \OT1/ptm/m/n/12 un-tuk \OT1/ptm/m/it/12 Kafka Re-source
 []


Underfull \hbox (badness 10000) in paragraph at lines 20--21
\OT1/ptm/m/it/12 Man-age-ment \OT1/ptm/m/n/12 pada peneli-tian ``Ef-fi-cient topic
 []


Underfull \hbox (badness 1694) in paragraph at lines 20--21
\OT1/ptm/m/n/12 par-ti-tion-ing of Apache Kafka for high-reliability
 []


Underfull \hbox (badness 10000) in paragraph at lines 14--22

 []


Underfull \hbox (badness 10000) in paragraph at lines 25--28
\OT1/ptm/b/n/12 Telah berhasil dis-e-le-saikan la-po-ran kerja prak-tik un-tuk Fakul-tas Ilmu
 []


Underfull \hbox (badness 4168) in paragraph at lines 25--28
\OT1/ptm/b/n/12 Kom-puter dan dipresen-tasikan hasil kerja prak-tiknya se-ba-gai per-syaratan
 []


Underfull \hbox (badness 10000) in paragraph at lines 25--28

 []



[2


])


pdfTeX warning (ext4): destination with the same identifier (name{page.ii}) has been already used, duplicate ignored
<to be read again> 
                   \relax 
l.49 
      [2



]

Package hyperref Warning: Token not allowed in a PDF string (Unicode):
(hyperref)                removing `\uppercase' on input line 52.

\openout2 = `src/00-frontMatter/abstrak.aux'.

(./src/00-frontMatter/abstrak.tex
Underfull \hbox (badness 10000) in paragraph at lines 15--16
[]|\OT1/ptm/m/n/12 Eksperimen \OT1/ptm/m/it/12 End-To-End \OT1/ptm/m/n/12 un-tuk \OT1/ptm/m/it/12 Kafka Re-source
 []


Underfull \hbox (badness 10000) in paragraph at lines 4--26

 []


Underfull \hbox (badness 1590) in paragraph at lines 29--30
\OT1/ptm/m/it/12 Streaming data \OT1/ptm/m/n/12 se-cara \OT1/ptm/m/it/12 real-time \OT1/ptm/m/n/12 adalah pen-gi-r-i-man data kon-tinu dari sum-ber ke
 []


Underfull \hbox (badness 10000) in paragraph at lines 29--30

 []


Underfull \hbox (badness 10000) in paragraph at lines 33--34

 []



LaTeX Font Info:    Font shape `OT1/phv/m/n' will be
(Font)              scaled to size 8.99994pt on input line 36.
LaTeX Font Info:    Font shape `OT1/phv/b/n' will be
(Font)              scaled to size 8.99994pt on input line 36.
[3


])
\openout2 = `src/00-frontMatter/abstract.aux'.

 (./src/00-frontMatter/abstract.tex
Underfull \hbox (badness 10000) in paragraph at lines 4--26

 []


Underfull \hbox (badness 1348) in paragraph at lines 29--30
\OT1/ptm/m/n/12 Apache Kafka man-ages this pro-cess by par-ti-tion-ing data into top-ics for par-al-lel
 []


Underfull \hbox (badness 10000) in paragraph at lines 29--30

 []


Underfull \hbox (badness 10000) in paragraph at lines 33--34

 []



[4




])

Package hyperref Warning: Token not allowed in a PDF string (Unicode):
(hyperref)                removing `\uppercase' on input line 57.

(./laporan.toc
Underfull \hbox (badness 2343) in paragraph at lines 20--20
 [][] [][]\OT1/ptm/m/n/12 Posisi Pen-em-patan Pelak-sana Kerja Prak-tik dalam Struk-tur 
 []


Underfull \hbox (badness 10000) in paragraph at lines 32--32
 [][] [][]\OT1/ptm/m/n/12 Framework Berba-sis Con-tainer-iza-tion de-ngan Pen-dekatan 
 []



[5



])
\tf@toc=\write5
\openout5 = `laporan.toc'.



[6]

Package hyperref Warning: Token not allowed in a PDF string (Unicode):
(hyperref)                removing `\uppercase' on input line 58.

(./laporan.lof)
\tf@lof=\write6
\openout6 = `laporan.lof'.



[7

]

Package hyperref Warning: Token not allowed in a PDF string (Unicode):
(hyperref)                removing `\uppercase' on input line 59.

(./laporan.lot)
\tf@lot=\write7
\openout7 = `laporan.lot'.



Package hyperref Warning: Token not allowed in a PDF string (Unicode):
(hyperref)                removing `\uppercase' on input line 61.


Package hyperref Warning: Token not allowed in a PDF string (Unicode):
(hyperref)                removing `\uppercase' on input line 61.



[8

] (./laporan.lox)
\tf@lox=\write8
\openout8 = `laporan.lox'.



[9

]


pdfTeX warning (ext4): destination with the same identifier (name{page.ix}) has been already used, duplicate ignored
<to be read again> 
                   \relax 
l.64 ...pagecount\clearpage\else\forceclearchapter
                                                  \fi [9

]
\openout2 = `src/01-body/bab1.aux'.

 (./src/01-body/bab1.tex
BAB 1.

Underfull \hbox (badness 2080) in paragraph at lines 8--9
\OT1/ptm/m/n/12 Dosen pem-bimb-ing akademik men-dukung penuh kepu-tu-san ini dan menekankan
 []




pdfTeX warning (ext4): destination with the same identifier (name{page.1}) has been already used, duplicate ignored
<to be read again> 
                   \relax 
l.21 
      [1


]
<assets/pics/pacil-org.png, id=376, 704.6325pt x 193.72375pt>
File: assets/pics/pacil-org.png Graphic file (type png)
<use assets/pics/pacil-org.png>
Package pdftex.def Info: assets/pics/pacil-org.png  used on input line 29.
(pdftex.def)             Requested size: 426.79135pt x 117.33772pt.
)
Underfull \hbox (badness 4608) in paragraph at lines 36--71
\OT1/ptm/m/n/12 Se-ba-gai \OT1/ptm/m/it/12 Re-search As-sis-tant\OT1/ptm/m/n/12 , pelak-sana ter-li-bat lang-sung dalam berba-gai tahap
 []




Package fancyhdr Warning: \headheight is too small (0.0pt): 
(fancyhdr)                Make it at least 14.49998pt, for example:
(fancyhdr)                \setlength{\headheight}{14.49998pt}.
(fancyhdr)                You might also make \topmargin smaller to compensate:
(fancyhdr)                \addtolength{\topmargin}{-14.49998pt}.

[2 <./assets/pics/pacil-org.png>]
\openout2 = `src/01-body/bab2.aux'.

 (./src/01-body/bab2.tex
BAB 2.


[3





]


Package fancyhdr Warning: \headheight is too small (0.0pt): 
(fancyhdr)                Make it at least 14.49998pt, for example:
(fancyhdr)                \setlength{\headheight}{14.49998pt}.
(fancyhdr)                You might also make \topmargin smaller to compensate:
(fancyhdr)                \addtolength{\topmargin}{-14.49998pt}.

[4]


Package fancyhdr Warning: \headheight is too small (0.0pt): 
(fancyhdr)                Make it at least 14.49998pt, for example:
(fancyhdr)                \setlength{\headheight}{14.49998pt}.
(fancyhdr)                You might also make \topmargin smaller to compensate:
(fancyhdr)                \addtolength{\topmargin}{-14.49998pt}.

[5]
<assets/pics/end-to-end-experiment.png, id=424, 472.76625pt x 372.39125pt>
File: assets/pics/end-to-end-experiment.png Graphic file (type png)
<use assets/pics/end-to-end-experiment.png>
Package pdftex.def Info: assets/pics/end-to-end-experiment.png  used on input line 48.
(pdftex.def)             Requested size: 426.79135pt x 336.18318pt.



Package fancyhdr Warning: \headheight is too small (0.0pt): 
(fancyhdr)                Make it at least 14.49998pt, for example:
(fancyhdr)                \setlength{\headheight}{14.49998pt}.
(fancyhdr)                You might also make \topmargin smaller to compensate:
(fancyhdr)                \addtolength{\topmargin}{-14.49998pt}.

[6 <./assets/pics/end-to-end-experiment.png>]
Underfull \hbox (badness 1264) in paragraph at lines 61--62
\OT1/ptm/m/n/12 per-i-laku al-go-ritma Bro-Max dan BroMin dalam kon-disi eksper-i-men yang telah
 []

LaTeX Font Info:    Trying to load font information for TS1+ptm on input line 70.
(c:/texlive/2024/texmf-dist/tex/latex/psnfss/ts1ptm.fd
File: ts1ptm.fd 2001/06/04 font definitions for TS1/ptm.
)
Underfull \hbox (badness 1038) in paragraph at lines 73--74
[]\OT1/ptm/b/n/12 Docker\OT1/ptm/m/n/12 , Meru-pakan plat-form \OT1/ptm/m/it/12 con-tainer-iza-tion \OT1/ptm/m/n/12 yang me-mung-kin-kan pengem-bang
 []




Package fancyhdr Warning: \headheight is too small (0.0pt): 
(fancyhdr)                Make it at least 14.49998pt, for example:
(fancyhdr)                \setlength{\headheight}{14.49998pt}.
(fancyhdr)                You might also make \topmargin smaller to compensate:
(fancyhdr)                \addtolength{\topmargin}{-14.49998pt}.

[7]
Underfull \hbox (badness 2310) in paragraph at lines 81--82
[]\OT1/ptm/b/n/12 Google Cloud Plat-form (GCP)\OT1/ptm/m/n/12 , GCP adalah plat-form kom-putasi awan yang
 []


Underfull \hbox (badness 1168) in paragraph at lines 81--82
\OT1/ptm/m/n/12 menye-di-akan in-fra-struk-tur un-tuk men-jalankan VM yang men-dukung eksper-i-men
 []


Underfull \hbox (badness 2150) in paragraph at lines 83--84
[]\OT1/ptm/b/n/12 WhatsApp\OT1/ptm/m/n/12 , Se-ba-gai apli-kasi per-pe-sanan, What-sApp di-gu-na-kan dalam kon-teks
 []


Underfull \hbox (badness 10000) in paragraph at lines 91--91
[]\OT1/ptm/b/n/12 Framework Berba-sis Con-tainer-iza-tion de-ngan Pen-dekatan
 []


Underfull \hbox (badness 1173) in paragraph at lines 93--94
\OT1/ptm/m/it/12 frame-work \OT1/ptm/m/n/12 berba-sis \OT1/ptm/m/it/12 con-tainer-iza-tion \OT1/ptm/m/n/12 de-ngan pen-dekatan Docker-in-Docker (DinD).
 []


Underfull \hbox (badness 2818) in paragraph at lines 93--94
\OT1/ptm/m/n/12 pem-bu-atan Kafka \OT1/ptm/m/it/12 sclus-ter con-tainer \OT1/ptm/m/n/12 yang di dalam-nya berisi be-be-rapa \OT1/ptm/m/it/12 sbro-ker
 []


Underfull \hbox (badness 3019) in paragraph at lines 93--94
\OT1/ptm/m/it/12 con-tain-ers\OT1/ptm/m/n/12 , tanpa perlu ak-ses \OT1/ptm/m/it/12 root \OT1/ptm/m/n/12 pada \OT1/ptm/m/it/12 host\OT1/ptm/m/n/12 , se-hingga peng-guna hanya perlu
 []


Underfull \hbox (badness 1454) in paragraph at lines 93--94
\OT1/ptm/m/n/12 eksper-i-men tanpa harus khawatir ten-tang masalah tek-nis terkait ling-kungan yang
 []




Package fancyhdr Warning: \headheight is too small (0.0pt): 
(fancyhdr)                Make it at least 14.49998pt, for example:
(fancyhdr)                \setlength{\headheight}{14.49998pt}.
(fancyhdr)                You might also make \topmargin smaller to compensate:
(fancyhdr)                \addtolength{\topmargin}{-14.49998pt}.

[8]
<assets/pics/latency-cdf.png, id=445, 481.8pt x 361.35pt>
File: assets/pics/latency-cdf.png Graphic file (type png)
<use assets/pics/latency-cdf.png>
Package pdftex.def Info: assets/pics/latency-cdf.png  used on input line 100.
(pdftex.def)             Requested size: 426.79135pt x 320.10075pt.

Underfull \hbox (badness 1292) in paragraph at lines 105--106
\OT1/ptm/m/it/12 through-put \OT1/ptm/m/n/12 yang re-latif lebih tinggi. Se-ba-liknya, al-go-ritma BroMin, yang lebih
 []




Package fancyhdr Warning: \headheight is too small (0.0pt): 
(fancyhdr)                Make it at least 14.49998pt, for example:
(fancyhdr)                \setlength{\headheight}{14.49998pt}.
(fancyhdr)                You might also make \topmargin smaller to compensate:
(fancyhdr)                \addtolength{\topmargin}{-14.49998pt}.

[9 <./assets/pics/latency-cdf.png>]
<assets/pics/first-email.png, id=454, 722.7pt x 1471.4975pt>
File: assets/pics/first-email.png Graphic file (type png)
<use assets/pics/first-email.png>
Package pdftex.def Info: assets/pics/first-email.png  used on input line 118.
(pdftex.def)             Requested size: 213.39568pt x 434.49216pt.



Package fancyhdr Warning: \headheight is too small (0.0pt): 
(fancyhdr)                Make it at least 14.49998pt, for example:
(fancyhdr)                \setlength{\headheight}{14.49998pt}.
(fancyhdr)                You might also make \topmargin smaller to compensate:
(fancyhdr)                \addtolength{\topmargin}{-14.49998pt}.

[10]
Missing character: There is no  in font ptmr7t!
Missing character: There is no  in font ptmr7t!



Package fancyhdr Warning: \headheight is too small (0.0pt): 
(fancyhdr)                Make it at least 14.49998pt, for example:
(fancyhdr)                \setlength{\headheight}{14.49998pt}.
(fancyhdr)                You might also make \topmargin smaller to compensate:
(fancyhdr)                \addtolength{\topmargin}{-14.49998pt}.

[11 <./assets/pics/first-email.png>]
Underfull \hbox (badness 2547) in paragraph at lines 127--128
\OT1/ptm/m/n/12 sepenuh-nya se-cara mandiri. Se-tiap anggota tim memi-liki pe-ran spe-si-fik yang
 []




Package fancyhdr Warning: \headheight is too small (0.0pt): 
(fancyhdr)                Make it at least 14.49998pt, for example:
(fancyhdr)                \setlength{\headheight}{14.49998pt}.
(fancyhdr)                You might also make \topmargin smaller to compensate:
(fancyhdr)                \addtolength{\topmargin}{-14.49998pt}.

[12]
Underfull \hbox (badness 3460) in paragraph at lines 145--148
\OT1/ptm/m/n/12 -- Men-ganal-i-sis metodologi dan hasil dari
 []


Underfull \hbox (badness 10000) in paragraph at lines 153--158
[]|\OT1/ptm/b/n/12 Merumuskan langkah-langkah un-tuk
 []


Underfull \hbox (badness 1199) in paragraph at lines 153--158
\OT1/ptm/b/n/12 Mengikuti perkem-ban-gan proyek flag-ship
 []


Underfull \hbox (badness 2035) in paragraph at lines 163--165
[]|\OT1/ptm/b/n/12 Mengkaji kode Kafka Topic Par-ti-tion-ing
 []


Underfull \hbox (badness 10000) in paragraph at lines 163--165
\OT1/ptm/m/n/12 -- Memeriksa kode un-tuk eksper-i-men,
 []


Underfull \hbox (badness 10000) in paragraph at lines 163--165
\OT1/ptm/m/n/12 -- Meru-muskan selu-ruh de-pen-densi yang
 []


Underfull \hbox (badness 10000) in paragraph at lines 170--172
[]|\OT1/ptm/b/n/12 Mengatur perte-muan dan menyi-ap-kan
 []


Underfull \hbox (badness 2600) in paragraph at lines 170--172
\OT1/ptm/m/n/12 Ikram, yang meru-pakan penerus peneli-tian
 []


Underfull \hbox (badness 3343) in paragraph at lines 170--172
\OT1/ptm/m/n/12 -- Menyi-ap-kan file serta per-tanyaan un-tuk
 []


Underfull \hbox (badness 2486) in paragraph at lines 177--179
\OT1/ptm/m/n/12 -- Meng-a-tur dan menghubungkan dua VM
 []


Underfull \hbox (badness 2057) in paragraph at lines 177--179
\OT1/ptm/m/n/12 di-gu-na-kan un-tuk Kafka Clus-ter dan Kafka
 []


Underfull \hbox (badness 4647) in paragraph at lines 177--179
\OT1/ptm/m/n/12 -- Melakukan eksper-i-men kali-brasi (bukan
 []


Underfull \hbox (badness 1226) in paragraph at lines 184--186
\OT1/ptm/m/n/12 -- Mem-bagi tu-gas eksper-i-men de-ngan Rifqi
 []


Underfull \hbox (badness 5374) in paragraph at lines 184--186
\OT1/ptm/m/n/12 dan Anin, yang meru-pakan rekan dalam
 []


Underfull \hbox (badness 10000) in paragraph at lines 184--186
\OT1/ptm/m/n/12 -- Me-mo-di-fi-kasi spe-si-fikasi VM un-tuk
 []


Underfull \hbox (badness 10000) in paragraph at lines 191--194
\OT1/ptm/m/n/12 -- Men-jalankan eksper-i-men utama yang
 []


Underfull \hbox (badness 5578) in paragraph at lines 191--194
\OT1/ptm/m/n/12 -- Menyam-paikan ke-bu-tuhan sum-ber daya
 []


Underfull \hbox (badness 10000) in paragraph at lines 199--202
[]|\OT1/ptm/b/n/12 Membuat plot dan men-ganal-i-sis hasil
 []


Underfull \hbox (badness 1629) in paragraph at lines 199--202
\OT1/ptm/m/n/12 -- Berdiskusi de-ngan tim ten-tang ke-ma-juan
 []


Underfull \hbox (badness 2573) in paragraph at lines 205--206
\OT1/ptm/m/n/12 (29 Juli 2024
 []


Underfull \hbox (badness 10000) in paragraph at lines 205--206
\OT1/ptm/m/n/12 -- 2 Agus-tus
 []


Underfull \hbox (badness 10000) in paragraph at lines 207--209
[]|\OT1/ptm/b/n/12 Melakukan ulang eksper-i-men pada
 []


Underfull \hbox (badness 10000) in paragraph at lines 212--213
\OT1/ptm/m/n/12 (5 Agus-tus
 []


Underfull \hbox (badness 10000) in paragraph at lines 212--213
\OT1/ptm/m/n/12 2024 -- 9
 []


Underfull \hbox (badness 10000) in paragraph at lines 214--219
\OT1/ptm/m/n/12 -- Melakukan ulang eksper-i-men pada
 []


Underfull \hbox (badness 1281) in paragraph at lines 214--219
\OT1/ptm/m/n/12 pen-gat-u-ran Docker-in-Docker agar con-tainer
 []


Underfull \hbox (badness 1616) in paragraph at lines 214--219
\OT1/ptm/m/n/12 da-pat dikon-fig-urasi tanpa perlu root ac-cess
 []


Underfull \hbox (badness 10000) in paragraph at lines 214--219
\OT1/ptm/b/n/12 Membuat plot dan men-ganal-i-sis hasil
 []


Underfull \hbox (badness 1629) in paragraph at lines 214--219
\OT1/ptm/m/n/12 -- Berdiskusi de-ngan tim ten-tang ke-ma-juan
 []


Underfull \hbox (badness 10000) in paragraph at lines 222--223
\OT1/ptm/m/n/12 (12 Agus-tus
 []


Underfull \hbox (badness 10000) in paragraph at lines 222--223
\OT1/ptm/m/n/12 2024 -- 16
 []


Underfull \hbox (badness 3907) in paragraph at lines 224--226
\OT1/ptm/m/n/12 -- Meng-a-da-kan perte-muan de-ngan Clau-dio
 []


Underfull \hbox (badness 10000) in paragraph at lines 229--230
\OT1/ptm/m/n/12 (19 Agus-tus
 []


Underfull \hbox (badness 10000) in paragraph at lines 229--230
\OT1/ptm/m/n/12 2024 -- 23
 []


Underfull \hbox (badness 5696) in paragraph at lines 231--233
\OT1/ptm/b/n/12 Menyusun la-po-ran akhir kerja prak-tik
 []


Overfull \hbox (16.99924pt too wide) in alignment at lines 137--236
 [] [] [] 
 []


Package fancyhdr Warning: \headheight is too small (0.0pt): 
(fancyhdr)                Make it at least 14.49998pt, for example:
(fancyhdr)                \setlength{\headheight}{14.49998pt}.
(fancyhdr)                You might also make \topmargin smaller to compensate:
(fancyhdr)                \addtolength{\topmargin}{-14.49998pt}.

[13]

Package fancyhdr Warning: \headheight is too small (0.0pt): 
(fancyhdr)                Make it at least 14.49998pt, for example:
(fancyhdr)                \setlength{\headheight}{14.49998pt}.
(fancyhdr)                You might also make \topmargin smaller to compensate:
(fancyhdr)                \addtolength{\topmargin}{-14.49998pt}.

[14]

Package fancyhdr Warning: \headheight is too small (0.0pt): 
(fancyhdr)                Make it at least 14.49998pt, for example:
(fancyhdr)                \setlength{\headheight}{14.49998pt}.
(fancyhdr)                You might also make \topmargin smaller to compensate:
(fancyhdr)                \addtolength{\topmargin}{-14.49998pt}.

[15]


Package fancyhdr Warning: \headheight is too small (0.0pt): 
(fancyhdr)                Make it at least 14.49998pt, for example:
(fancyhdr)                \setlength{\headheight}{14.49998pt}.
(fancyhdr)                You might also make \topmargin smaller to compensate:
(fancyhdr)                \addtolength{\topmargin}{-14.49998pt}.

[16]
Underfull \hbox (badness 2495) in paragraph at lines 254--255
[]\OT1/ptm/m/n/12 Untuk meng-a-tasi masalah ini, di-lakukan im-pro-visasi ter-hadap be-be-rapa langkah
 []


Underfull \hbox (badness 1852) in paragraph at lines 258--259
\OT1/ptm/m/n/12 proses \OT1/ptm/m/it/12 real-time data stream-ing \OT1/ptm/m/n/12 meng-gu-na-kan Apache Kafka. Keter-batasan ini
 []




Package fancyhdr Warning: \headheight is too small (0.0pt): 
(fancyhdr)                Make it at least 14.49998pt, for example:
(fancyhdr)                \setlength{\headheight}{14.49998pt}.
(fancyhdr)                You might also make \topmargin smaller to compensate:
(fancyhdr)                \addtolength{\topmargin}{-14.49998pt}.

[17]
Underfull \hbox (badness 1558) in paragraph at lines 271--272
\OT1/ptm/m/n/12 se-lama kerja prak-tik, di mana \OT1/ptm/m/it/12 rbash script-ing \OT1/ptm/m/n/12 di-gu-na-kan un-tuk men-go-toma-ti-sasi
 []

)


Package fancyhdr Warning: \headheight is too small (0.0pt): 
(fancyhdr)                Make it at least 14.49998pt, for example:
(fancyhdr)                \setlength{\headheight}{14.49998pt}.
(fancyhdr)                You might also make \topmargin smaller to compensate:
(fancyhdr)                \addtolength{\topmargin}{-14.49998pt}.

[18]


Package fancyhdr Warning: \headheight is too small (0.0pt): 
(fancyhdr)                Make it at least 14.49998pt, for example:
(fancyhdr)                \setlength{\headheight}{14.49998pt}.
(fancyhdr)                You might also make \topmargin smaller to compensate:
(fancyhdr)                \addtolength{\topmargin}{-14.49998pt}.

[19]


pdfTeX warning (ext4): destination with the same identifier (name{page.19}) has been already used, duplicate ignored
<to be read again> 
                   \relax 
l.74 \clearchapter
                   [19



]
\openout2 = `src/01-body/bab3.aux'.

 (./src/01-body/bab3.tex
BAB 3.

Underfull \hbox (badness 1371) in paragraph at lines 8--9
[]\OT1/ptm/m/n/12 Pelaksanaan kerja prak-tik di Com-puter Sys-tems Lab-o-ra-tory (CSL) Fakul-tas Ilmu
 []


Underfull \hbox (badness 3439) in paragraph at lines 8--9
\OT1/ptm/m/n/12 non-teknis. Pelak-sana kerja prak-tik men-da-p-atkan wawasan men-dalam ten-tang
 []

Missing character: There is no  in font ptmr7t!
Missing character: There is no  in font ptmr7t!


[20


])


Package fancyhdr Warning: \headheight is too small (0.0pt): 
(fancyhdr)                Make it at least 14.49998pt, for example:
(fancyhdr)                \setlength{\headheight}{14.49998pt}.
(fancyhdr)                You might also make \topmargin smaller to compensate:
(fancyhdr)                \addtolength{\topmargin}{-14.49998pt}.

[21]
\openout2 = `_internals/pustaka.aux'.

 (./_internals/pustaka.tex (./laporan.bbl

Package hyperref Warning: Token not allowed in a PDF string (Unicode):
(hyperref)                removing `\uppercase' on input line 1.

))

[22





]


pdfTeX warning (ext4): destination with the same identifier (name{page.22}) has been already used, duplicate ignored
<to be read again> 
                   \relax 
l.81 \clearchapter
                   [22



]
\c@pagetemp=\count379
\openout2 = `_internals/markLampiran.aux'.

 (./_internals/markLampiran.tex


pdfTeX warning (ext4): destination with the same identifier (name{page.1}) has been already used, duplicate ignored
<to be read again> 
                   \relax 
l.7 \end{titlepage}
                    [1

])


pdfTeX warning (ext4): destination with the same identifier (name{page.1}) has been already used, duplicate ignored
<to be read again> 
                   \relax 
l.89     \clearchapter
                       [1



]
\openout2 = `src/99-backMatter/lampiran.aux'.

 (./src/99-backMatter/lampiran.tex
<assets/pics/KAKP_Bryan Raihan Ilman_2106704351_signed_page-0001.jpg, id=525, 614.295pt x 794.97pt>
File: assets/pics/KAKP_Bryan Raihan Ilman_2106704351_signed_page-0001.jpg Graphic file (type jpg)
<use assets/pics/KAKP_Bryan Raihan Ilman_2106704351_signed_page-0001.jpg>
Package pdftex.def Info: assets/pics/KAKP_Bryan Raihan Ilman_2106704351_signed_page-0001.jpg  used on input line 7.
(pdftex.def)             Requested size: 426.79135pt x 552.32666pt.
<assets/pics/KAKP_Bryan Raihan Ilman_2106704351_signed_page-0002.jpg, id=526, 614.295pt x 794.97pt>
File: assets/pics/KAKP_Bryan Raihan Ilman_2106704351_signed_page-0002.jpg Graphic file (type jpg)
<use assets/pics/KAKP_Bryan Raihan Ilman_2106704351_signed_page-0002.jpg>
Package pdftex.def Info: assets/pics/KAKP_Bryan Raihan Ilman_2106704351_signed_page-0002.jpg  used on input line 9.
(pdftex.def)             Requested size: 426.79135pt x 552.32666pt.



Package fancyhdr Warning: \headheight is too small (0.0pt): 
(fancyhdr)                Make it at least 14.49998pt, for example:
(fancyhdr)                \setlength{\headheight}{14.49998pt}.
(fancyhdr)                You might also make \topmargin smaller to compensate:
(fancyhdr)                \addtolength{\topmargin}{-14.49998pt}.

[24

 <./assets/pics/KAKP_Bryan Raihan Ilman_2106704351_signed_page-0001.jpg>]
<assets/pics/KAKP_Bryan Raihan Ilman_2106704351_signed_page-0003.jpg, id=531, 614.295pt x 794.97pt>
File: assets/pics/KAKP_Bryan Raihan Ilman_2106704351_signed_page-0003.jpg Graphic file (type jpg)
<use assets/pics/KAKP_Bryan Raihan Ilman_2106704351_signed_page-0003.jpg>
Package pdftex.def Info: assets/pics/KAKP_Bryan Raihan Ilman_2106704351_signed_page-0003.jpg  used on input line 11.
(pdftex.def)             Requested size: 426.79135pt x 552.32666pt.



Package fancyhdr Warning: \headheight is too small (0.0pt): 
(fancyhdr)                Make it at least 14.49998pt, for example:
(fancyhdr)                \setlength{\headheight}{14.49998pt}.
(fancyhdr)                You might also make \topmargin smaller to compensate:
(fancyhdr)                \addtolength{\topmargin}{-14.49998pt}.

[25 <./assets/pics/KAKP_Bryan Raihan Ilman_2106704351_signed_page-0002.jpg>]
<assets/pics/KAKP_Bryan Raihan Ilman_2106704351_signed_page-0004.jpg, id=536, 614.295pt x 794.97pt>
File: assets/pics/KAKP_Bryan Raihan Ilman_2106704351_signed_page-0004.jpg Graphic file (type jpg)
<use assets/pics/KAKP_Bryan Raihan Ilman_2106704351_signed_page-0004.jpg>
Package pdftex.def Info: assets/pics/KAKP_Bryan Raihan Ilman_2106704351_signed_page-0004.jpg  used on input line 13.
(pdftex.def)             Requested size: 426.79135pt x 552.32666pt.



Package fancyhdr Warning: \headheight is too small (0.0pt): 
(fancyhdr)                Make it at least 14.49998pt, for example:
(fancyhdr)                \setlength{\headheight}{14.49998pt}.
(fancyhdr)                You might also make \topmargin smaller to compensate:
(fancyhdr)                \addtolength{\topmargin}{-14.49998pt}.

[26 <./assets/pics/KAKP_Bryan Raihan Ilman_2106704351_signed_page-0003.jpg>]
<assets/pics/KAKP_Bryan Raihan Ilman_2106704351_signed_page-0005.jpg, id=542, 614.295pt x 794.97pt>
File: assets/pics/KAKP_Bryan Raihan Ilman_2106704351_signed_page-0005.jpg Graphic file (type jpg)
<use assets/pics/KAKP_Bryan Raihan Ilman_2106704351_signed_page-0005.jpg>
Package pdftex.def Info: assets/pics/KAKP_Bryan Raihan Ilman_2106704351_signed_page-0005.jpg  used on input line 15.
(pdftex.def)             Requested size: 426.79135pt x 552.32666pt.



Package fancyhdr Warning: \headheight is too small (0.0pt): 
(fancyhdr)                Make it at least 14.49998pt, for example:
(fancyhdr)                \setlength{\headheight}{14.49998pt}.
(fancyhdr)                You might also make \topmargin smaller to compensate:
(fancyhdr)                \addtolength{\topmargin}{-14.49998pt}.

[27 <./assets/pics/KAKP_Bryan Raihan Ilman_2106704351_signed_page-0004.jpg>]
<assets/pics/KAKP_Bryan Raihan Ilman_2106704351_signed_page-0006.jpg, id=547, 614.295pt x 794.97pt>
File: assets/pics/KAKP_Bryan Raihan Ilman_2106704351_signed_page-0006.jpg Graphic file (type jpg)
<use assets/pics/KAKP_Bryan Raihan Ilman_2106704351_signed_page-0006.jpg>
Package pdftex.def Info: assets/pics/KAKP_Bryan Raihan Ilman_2106704351_signed_page-0006.jpg  used on input line 17.
(pdftex.def)             Requested size: 426.79135pt x 552.32666pt.



Package fancyhdr Warning: \headheight is too small (0.0pt): 
(fancyhdr)                Make it at least 14.49998pt, for example:
(fancyhdr)                \setlength{\headheight}{14.49998pt}.
(fancyhdr)                You might also make \topmargin smaller to compensate:
(fancyhdr)                \addtolength{\topmargin}{-14.49998pt}.

[28 <./assets/pics/KAKP_Bryan Raihan Ilman_2106704351_signed_page-0005.jpg>]


Package fancyhdr Warning: \headheight is too small (0.0pt): 
(fancyhdr)                Make it at least 14.49998pt, for example:
(fancyhdr)                \setlength{\headheight}{14.49998pt}.
(fancyhdr)                You might also make \topmargin smaller to compensate:
(fancyhdr)                \addtolength{\topmargin}{-14.49998pt}.

[29 <./assets/pics/KAKP_Bryan Raihan Ilman_2106704351_signed_page-0006.jpg>]
<assets/pics/Log-1-CSL-Bryan Raihan Ilman-0001.jpg, id=556, 614.295pt x 794.97pt>
File: assets/pics/Log-1-CSL-Bryan Raihan Ilman-0001.jpg Graphic file (type jpg)
<use assets/pics/Log-1-CSL-Bryan Raihan Ilman-0001.jpg>
Package pdftex.def Info: assets/pics/Log-1-CSL-Bryan Raihan Ilman-0001.jpg  used on input line 27.
(pdftex.def)             Requested size: 426.79135pt x 552.32666pt.
<assets/pics/Log-1-CSL-Bryan Raihan Ilman-0002.jpg, id=557, 614.295pt x 794.97pt>
File: assets/pics/Log-1-CSL-Bryan Raihan Ilman-0002.jpg Graphic file (type jpg)
<use assets/pics/Log-1-CSL-Bryan Raihan Ilman-0002.jpg>
Package pdftex.def Info: assets/pics/Log-1-CSL-Bryan Raihan Ilman-0002.jpg  used on input line 29.
(pdftex.def)             Requested size: 426.79135pt x 552.32666pt.



Package fancyhdr Warning: \headheight is too small (0.0pt): 
(fancyhdr)                Make it at least 14.49998pt, for example:
(fancyhdr)                \setlength{\headheight}{14.49998pt}.
(fancyhdr)                You might also make \topmargin smaller to compensate:
(fancyhdr)                \addtolength{\topmargin}{-14.49998pt}.

[30 <./assets/pics/Log-1-CSL-Bryan Raihan Ilman-0001.jpg>]
<assets/pics/Log-2-CSL-Bryan Raihan Ilman-0001.jpg, id=562, 614.295pt x 794.97pt>
File: assets/pics/Log-2-CSL-Bryan Raihan Ilman-0001.jpg Graphic file (type jpg)
<use assets/pics/Log-2-CSL-Bryan Raihan Ilman-0001.jpg>
Package pdftex.def Info: assets/pics/Log-2-CSL-Bryan Raihan Ilman-0001.jpg  used on input line 31.
(pdftex.def)             Requested size: 426.79135pt x 552.32666pt.



Package fancyhdr Warning: \headheight is too small (0.0pt): 
(fancyhdr)                Make it at least 14.49998pt, for example:
(fancyhdr)                \setlength{\headheight}{14.49998pt}.
(fancyhdr)                You might also make \topmargin smaller to compensate:
(fancyhdr)                \addtolength{\topmargin}{-14.49998pt}.

[31 <./assets/pics/Log-1-CSL-Bryan Raihan Ilman-0002.jpg>]
<assets/pics/Log-2-CSL-Bryan Raihan Ilman-0002.jpg, id=567, 614.295pt x 794.97pt>
File: assets/pics/Log-2-CSL-Bryan Raihan Ilman-0002.jpg Graphic file (type jpg)
<use assets/pics/Log-2-CSL-Bryan Raihan Ilman-0002.jpg>
Package pdftex.def Info: assets/pics/Log-2-CSL-Bryan Raihan Ilman-0002.jpg  used on input line 33.
(pdftex.def)             Requested size: 426.79135pt x 552.32666pt.



Package fancyhdr Warning: \headheight is too small (0.0pt): 
(fancyhdr)                Make it at least 14.49998pt, for example:
(fancyhdr)                \setlength{\headheight}{14.49998pt}.
(fancyhdr)                You might also make \topmargin smaller to compensate:
(fancyhdr)                \addtolength{\topmargin}{-14.49998pt}.

[32 <./assets/pics/Log-2-CSL-Bryan Raihan Ilman-0001.jpg>]
<assets/pics/Log-3-CSL-Bryan Raihan Ilman-0001.jpg, id=573, 614.295pt x 794.97pt>
File: assets/pics/Log-3-CSL-Bryan Raihan Ilman-0001.jpg Graphic file (type jpg)
<use assets/pics/Log-3-CSL-Bryan Raihan Ilman-0001.jpg>
Package pdftex.def Info: assets/pics/Log-3-CSL-Bryan Raihan Ilman-0001.jpg  used on input line 35.
(pdftex.def)             Requested size: 426.79135pt x 552.32666pt.



Package fancyhdr Warning: \headheight is too small (0.0pt): 
(fancyhdr)                Make it at least 14.49998pt, for example:
(fancyhdr)                \setlength{\headheight}{14.49998pt}.
(fancyhdr)                You might also make \topmargin smaller to compensate:
(fancyhdr)                \addtolength{\topmargin}{-14.49998pt}.

[33 <./assets/pics/Log-2-CSL-Bryan Raihan Ilman-0002.jpg>]
<assets/pics/Log-3-CSL-Bryan Raihan Ilman-0002.jpg, id=578, 614.295pt x 794.97pt>
File: assets/pics/Log-3-CSL-Bryan Raihan Ilman-0002.jpg Graphic file (type jpg)
<use assets/pics/Log-3-CSL-Bryan Raihan Ilman-0002.jpg>
Package pdftex.def Info: assets/pics/Log-3-CSL-Bryan Raihan Ilman-0002.jpg  used on input line 37.
(pdftex.def)             Requested size: 426.79135pt x 552.32666pt.



Package fancyhdr Warning: \headheight is too small (0.0pt): 
(fancyhdr)                Make it at least 14.49998pt, for example:
(fancyhdr)                \setlength{\headheight}{14.49998pt}.
(fancyhdr)                You might also make \topmargin smaller to compensate:
(fancyhdr)                \addtolength{\topmargin}{-14.49998pt}.

[34 <./assets/pics/Log-3-CSL-Bryan Raihan Ilman-0001.jpg>]
<assets/pics/Log-4-CSL-Bryan Raihan Ilman-0001.jpg, id=583, 614.295pt x 794.97pt>
File: assets/pics/Log-4-CSL-Bryan Raihan Ilman-0001.jpg Graphic file (type jpg)
<use assets/pics/Log-4-CSL-Bryan Raihan Ilman-0001.jpg>
Package pdftex.def Info: assets/pics/Log-4-CSL-Bryan Raihan Ilman-0001.jpg  used on input line 39.
(pdftex.def)             Requested size: 426.79135pt x 552.32666pt.



Package fancyhdr Warning: \headheight is too small (0.0pt): 
(fancyhdr)                Make it at least 14.49998pt, for example:
(fancyhdr)                \setlength{\headheight}{14.49998pt}.
(fancyhdr)                You might also make \topmargin smaller to compensate:
(fancyhdr)                \addtolength{\topmargin}{-14.49998pt}.

[35 <./assets/pics/Log-3-CSL-Bryan Raihan Ilman-0002.jpg>]
<assets/pics/Log-4-CSL-Bryan Raihan Ilman-0002.jpg, id=588, 614.295pt x 794.97pt>
File: assets/pics/Log-4-CSL-Bryan Raihan Ilman-0002.jpg Graphic file (type jpg)
<use assets/pics/Log-4-CSL-Bryan Raihan Ilman-0002.jpg>
Package pdftex.def Info: assets/pics/Log-4-CSL-Bryan Raihan Ilman-0002.jpg  used on input line 41.
(pdftex.def)             Requested size: 426.79135pt x 552.32666pt.



Package fancyhdr Warning: \headheight is too small (0.0pt): 
(fancyhdr)                Make it at least 14.49998pt, for example:
(fancyhdr)                \setlength{\headheight}{14.49998pt}.
(fancyhdr)                You might also make \topmargin smaller to compensate:
(fancyhdr)                \addtolength{\topmargin}{-14.49998pt}.

[36 <./assets/pics/Log-4-CSL-Bryan Raihan Ilman-0001.jpg>]
<assets/pics/Log-5-CSL-Bryan Raihan Ilman-0001.jpg, id=593, 614.295pt x 794.97pt>
File: assets/pics/Log-5-CSL-Bryan Raihan Ilman-0001.jpg Graphic file (type jpg)
<use assets/pics/Log-5-CSL-Bryan Raihan Ilman-0001.jpg>
Package pdftex.def Info: assets/pics/Log-5-CSL-Bryan Raihan Ilman-0001.jpg  used on input line 43.
(pdftex.def)             Requested size: 426.79135pt x 552.32666pt.



Package fancyhdr Warning: \headheight is too small (0.0pt): 
(fancyhdr)                Make it at least 14.49998pt, for example:
(fancyhdr)                \setlength{\headheight}{14.49998pt}.
(fancyhdr)                You might also make \topmargin smaller to compensate:
(fancyhdr)                \addtolength{\topmargin}{-14.49998pt}.

[37 <./assets/pics/Log-4-CSL-Bryan Raihan Ilman-0002.jpg>]
<assets/pics/Log-5-CSL-Bryan Raihan Ilman-0002.jpg, id=598, 614.295pt x 794.97pt>
File: assets/pics/Log-5-CSL-Bryan Raihan Ilman-0002.jpg Graphic file (type jpg)
<use assets/pics/Log-5-CSL-Bryan Raihan Ilman-0002.jpg>
Package pdftex.def Info: assets/pics/Log-5-CSL-Bryan Raihan Ilman-0002.jpg  used on input line 45.
(pdftex.def)             Requested size: 426.79135pt x 552.32666pt.



Package fancyhdr Warning: \headheight is too small (0.0pt): 
(fancyhdr)                Make it at least 14.49998pt, for example:
(fancyhdr)                \setlength{\headheight}{14.49998pt}.
(fancyhdr)                You might also make \topmargin smaller to compensate:
(fancyhdr)                \addtolength{\topmargin}{-14.49998pt}.

[38 <./assets/pics/Log-5-CSL-Bryan Raihan Ilman-0001.jpg>]
<assets/pics/Log-6-CSL-Bryan Raihan Ilman-0001.jpg, id=604, 614.295pt x 794.97pt>
File: assets/pics/Log-6-CSL-Bryan Raihan Ilman-0001.jpg Graphic file (type jpg)
<use assets/pics/Log-6-CSL-Bryan Raihan Ilman-0001.jpg>
Package pdftex.def Info: assets/pics/Log-6-CSL-Bryan Raihan Ilman-0001.jpg  used on input line 47.
(pdftex.def)             Requested size: 426.79135pt x 552.32666pt.



Package fancyhdr Warning: \headheight is too small (0.0pt): 
(fancyhdr)                Make it at least 14.49998pt, for example:
(fancyhdr)                \setlength{\headheight}{14.49998pt}.
(fancyhdr)                You might also make \topmargin smaller to compensate:
(fancyhdr)                \addtolength{\topmargin}{-14.49998pt}.

[39 <./assets/pics/Log-5-CSL-Bryan Raihan Ilman-0002.jpg>]
<assets/pics/Log-7-CSL-Bryan Raihan Ilman-0001.jpg, id=609, 614.295pt x 794.97pt>
File: assets/pics/Log-7-CSL-Bryan Raihan Ilman-0001.jpg Graphic file (type jpg)
<use assets/pics/Log-7-CSL-Bryan Raihan Ilman-0001.jpg>
Package pdftex.def Info: assets/pics/Log-7-CSL-Bryan Raihan Ilman-0001.jpg  used on input line 49.
(pdftex.def)             Requested size: 426.79135pt x 552.32666pt.



Package fancyhdr Warning: \headheight is too small (0.0pt): 
(fancyhdr)                Make it at least 14.49998pt, for example:
(fancyhdr)                \setlength{\headheight}{14.49998pt}.
(fancyhdr)                You might also make \topmargin smaller to compensate:
(fancyhdr)                \addtolength{\topmargin}{-14.49998pt}.

[40 <./assets/pics/Log-6-CSL-Bryan Raihan Ilman-0001.jpg>]
<assets/pics/Log-7-CSL-Bryan Raihan Ilman-0002.jpg, id=614, 614.295pt x 794.97pt>
File: assets/pics/Log-7-CSL-Bryan Raihan Ilman-0002.jpg Graphic file (type jpg)
<use assets/pics/Log-7-CSL-Bryan Raihan Ilman-0002.jpg>
Package pdftex.def Info: assets/pics/Log-7-CSL-Bryan Raihan Ilman-0002.jpg  used on input line 51.
(pdftex.def)             Requested size: 426.79135pt x 552.32666pt.



Package fancyhdr Warning: \headheight is too small (0.0pt): 
(fancyhdr)                Make it at least 14.49998pt, for example:
(fancyhdr)                \setlength{\headheight}{14.49998pt}.
(fancyhdr)                You might also make \topmargin smaller to compensate:
(fancyhdr)                \addtolength{\topmargin}{-14.49998pt}.

[41 <./assets/pics/Log-7-CSL-Bryan Raihan Ilman-0001.jpg>]
<assets/pics/Log-8-CSL-Bryan Raihan Ilman-0001.jpg, id=619, 614.295pt x 794.97pt>
File: assets/pics/Log-8-CSL-Bryan Raihan Ilman-0001.jpg Graphic file (type jpg)
<use assets/pics/Log-8-CSL-Bryan Raihan Ilman-0001.jpg>
Package pdftex.def Info: assets/pics/Log-8-CSL-Bryan Raihan Ilman-0001.jpg  used on input line 53.
(pdftex.def)             Requested size: 426.79135pt x 552.32666pt.



Package fancyhdr Warning: \headheight is too small (0.0pt): 
(fancyhdr)                Make it at least 14.49998pt, for example:
(fancyhdr)                \setlength{\headheight}{14.49998pt}.
(fancyhdr)                You might also make \topmargin smaller to compensate:
(fancyhdr)                \addtolength{\topmargin}{-14.49998pt}.

[42 <./assets/pics/Log-7-CSL-Bryan Raihan Ilman-0002.jpg>]
<assets/pics/Log-9-CSL-Bryan Raihan Ilman-0001.jpg, id=624, 614.295pt x 794.97pt>
File: assets/pics/Log-9-CSL-Bryan Raihan Ilman-0001.jpg Graphic file (type jpg)
<use assets/pics/Log-9-CSL-Bryan Raihan Ilman-0001.jpg>
Package pdftex.def Info: assets/pics/Log-9-CSL-Bryan Raihan Ilman-0001.jpg  used on input line 55.
(pdftex.def)             Requested size: 426.79135pt x 552.32666pt.



Package fancyhdr Warning: \headheight is too small (0.0pt): 
(fancyhdr)                Make it at least 14.49998pt, for example:
(fancyhdr)                \setlength{\headheight}{14.49998pt}.
(fancyhdr)                You might also make \topmargin smaller to compensate:
(fancyhdr)                \addtolength{\topmargin}{-14.49998pt}.

[43 <./assets/pics/Log-8-CSL-Bryan Raihan Ilman-0001.jpg>]
<assets/pics/Log-9-CSL-Bryan Raihan Ilman-0002.jpg, id=629, 614.295pt x 794.97pt>
File: assets/pics/Log-9-CSL-Bryan Raihan Ilman-0002.jpg Graphic file (type jpg)
<use assets/pics/Log-9-CSL-Bryan Raihan Ilman-0002.jpg>
Package pdftex.def Info: assets/pics/Log-9-CSL-Bryan Raihan Ilman-0002.jpg  used on input line 57.
(pdftex.def)             Requested size: 426.79135pt x 552.32666pt.



Package fancyhdr Warning: \headheight is too small (0.0pt): 
(fancyhdr)                Make it at least 14.49998pt, for example:
(fancyhdr)                \setlength{\headheight}{14.49998pt}.
(fancyhdr)                You might also make \topmargin smaller to compensate:
(fancyhdr)                \addtolength{\topmargin}{-14.49998pt}.

[44 <./assets/pics/Log-9-CSL-Bryan Raihan Ilman-0001.jpg>]
<assets/pics/Log-10-CSL-Bryan Raihan Ilman-0001.jpg, id=635, 614.295pt x 794.97pt>
File: assets/pics/Log-10-CSL-Bryan Raihan Ilman-0001.jpg Graphic file (type jpg)
<use assets/pics/Log-10-CSL-Bryan Raihan Ilman-0001.jpg>
Package pdftex.def Info: assets/pics/Log-10-CSL-Bryan Raihan Ilman-0001.jpg  used on input line 59.
(pdftex.def)             Requested size: 426.79135pt x 552.32666pt.



Package fancyhdr Warning: \headheight is too small (0.0pt): 
(fancyhdr)                Make it at least 14.49998pt, for example:
(fancyhdr)                \setlength{\headheight}{14.49998pt}.
(fancyhdr)                You might also make \topmargin smaller to compensate:
(fancyhdr)                \addtolength{\topmargin}{-14.49998pt}.

[45 <./assets/pics/Log-9-CSL-Bryan Raihan Ilman-0002.jpg>]
<assets/pics/Log-11-CSL-Bryan Raihan Ilman-0001.jpg, id=640, 614.295pt x 794.97pt>
File: assets/pics/Log-11-CSL-Bryan Raihan Ilman-0001.jpg Graphic file (type jpg)
<use assets/pics/Log-11-CSL-Bryan Raihan Ilman-0001.jpg>
Package pdftex.def Info: assets/pics/Log-11-CSL-Bryan Raihan Ilman-0001.jpg  used on input line 61.
(pdftex.def)             Requested size: 426.79135pt x 552.32666pt.



Package fancyhdr Warning: \headheight is too small (0.0pt): 
(fancyhdr)                Make it at least 14.49998pt, for example:
(fancyhdr)                \setlength{\headheight}{14.49998pt}.
(fancyhdr)                You might also make \topmargin smaller to compensate:
(fancyhdr)                \addtolength{\topmargin}{-14.49998pt}.

[46 <./assets/pics/Log-10-CSL-Bryan Raihan Ilman-0001.jpg>]
<assets/pics/Log-12-CSL-Bryan Raihan Ilman-0001.jpg, id=645, 614.295pt x 794.97pt>
File: assets/pics/Log-12-CSL-Bryan Raihan Ilman-0001.jpg Graphic file (type jpg)
<use assets/pics/Log-12-CSL-Bryan Raihan Ilman-0001.jpg>
Package pdftex.def Info: assets/pics/Log-12-CSL-Bryan Raihan Ilman-0001.jpg  used on input line 63.
(pdftex.def)             Requested size: 426.79135pt x 552.32666pt.



Package fancyhdr Warning: \headheight is too small (0.0pt): 
(fancyhdr)                Make it at least 14.49998pt, for example:
(fancyhdr)                \setlength{\headheight}{14.49998pt}.
(fancyhdr)                You might also make \topmargin smaller to compensate:
(fancyhdr)                \addtolength{\topmargin}{-14.49998pt}.

[47 <./assets/pics/Log-11-CSL-Bryan Raihan Ilman-0001.jpg>]


Package fancyhdr Warning: \headheight is too small (0.0pt): 
(fancyhdr)                Make it at least 14.49998pt, for example:
(fancyhdr)                \setlength{\headheight}{14.49998pt}.
(fancyhdr)                You might also make \topmargin smaller to compensate:
(fancyhdr)                \addtolength{\topmargin}{-14.49998pt}.

[48 <./assets/pics/Log-12-CSL-Bryan Raihan Ilman-0001.jpg>]
<assets/pdfs/doc.pdf, id=654, 598.235pt x 845.1575pt>
File: assets/pdfs/doc.pdf Graphic file (type pdf)
<use assets/pdfs/doc.pdf>
Package pdftex.def Info: assets/pdfs/doc.pdf  used on input line 73.
(pdftex.def)             Requested size: 598.23354pt x 845.15544pt.
File: assets/pdfs/doc.pdf Graphic file (type pdf)
<use assets/pdfs/doc.pdf>
Package pdftex.def Info: assets/pdfs/doc.pdf  used on input line 73.
(pdftex.def)             Requested size: 598.23354pt x 845.15544pt.
<assets/pdfs/doc.pdf, id=657, page=1, 598.235pt x 845.1575pt>
File: assets/pdfs/doc.pdf Graphic file (type pdf)
<use assets/pdfs/doc.pdf, page 1>
Package pdftex.def Info: assets/pdfs/doc.pdf , page1 used on input line 73.
(pdftex.def)             Requested size: 598.23354pt x 845.15544pt.
File: assets/pdfs/doc.pdf Graphic file (type pdf)
<use assets/pdfs/doc.pdf, page 1>
Package pdftex.def Info: assets/pdfs/doc.pdf , page1 used on input line 73.
(pdftex.def)             Requested size: 538.40652pt x 760.63474pt.



Package fancyhdr Warning: \headheight is too small (0.0pt): 
(fancyhdr)                Make it at least 14.49998pt, for example:
(fancyhdr)                \setlength{\headheight}{14.49998pt}.
(fancyhdr)                You might also make \topmargin smaller to compensate:
(fancyhdr)                \addtolength{\topmargin}{-14.49998pt}.

[49]
File: assets/pdfs/doc.pdf Graphic file (type pdf)
<use assets/pdfs/doc.pdf, page 1>
Package pdftex.def Info: assets/pdfs/doc.pdf , page1 used on input line 73.
(pdftex.def)             Requested size: 538.40652pt x 760.63474pt.
File: assets/pdfs/doc.pdf Graphic file (type pdf)
<use assets/pdfs/doc.pdf, page 1>
Package pdftex.def Info: assets/pdfs/doc.pdf , page1 used on input line 73.
(pdftex.def)             Requested size: 538.40652pt x 760.63474pt.



Package fancyhdr Warning: \headheight is too small (0.0pt): 
(fancyhdr)                Make it at least 14.49998pt, for example:
(fancyhdr)                \setlength{\headheight}{14.49998pt}.
(fancyhdr)                You might also make \topmargin smaller to compensate:
(fancyhdr)                \addtolength{\topmargin}{-14.49998pt}.

File: assets/pdfs/doc.pdf Graphic file (type pdf)
<use assets/pdfs/doc.pdf, page 1>
Package pdftex.def Info: assets/pdfs/doc.pdf , page1 used on input line 73.
(pdftex.def)             Requested size: 538.40652pt x 760.63474pt.
[50

 <./assets/pdfs/doc.pdf>]
<assets/pdfs/doc.pdf, id=696, page=2, 598.235pt x 845.1575pt>
File: assets/pdfs/doc.pdf Graphic file (type pdf)
<use assets/pdfs/doc.pdf, page 2>
Package pdftex.def Info: assets/pdfs/doc.pdf , page2 used on input line 73.
(pdftex.def)             Requested size: 538.40652pt x 760.63474pt.
File: assets/pdfs/doc.pdf Graphic file (type pdf)
<use assets/pdfs/doc.pdf, page 2>
Package pdftex.def Info: assets/pdfs/doc.pdf , page2 used on input line 73.
(pdftex.def)             Requested size: 538.40652pt x 760.63474pt.



Package fancyhdr Warning: \headheight is too small (0.0pt): 
(fancyhdr)                Make it at least 14.49998pt, for example:
(fancyhdr)                \setlength{\headheight}{14.49998pt}.
(fancyhdr)                You might also make \topmargin smaller to compensate:
(fancyhdr)                \addtolength{\topmargin}{-14.49998pt}.

File: assets/pdfs/doc.pdf Graphic file (type pdf)
<use assets/pdfs/doc.pdf, page 2>
Package pdftex.def Info: assets/pdfs/doc.pdf , page2 used on input line 73.
(pdftex.def)             Requested size: 538.40652pt x 760.63474pt.
[51

 <./assets/pdfs/doc.pdf>]) (./laporan.aux (./_internals/sampul.aux) (./_internals/judul_dalam.aux) (./src/00-frontMatter/pengesahanKP.aux) (./src/00-frontMatter/abstrak.aux) (./src/00-frontMatter/abstract.aux) (./src/01-body/bab1.aux) (./src/01-body/bab2.aux) (./src/01-body/bab3.aux) (./_internals/pustaka.aux) (./_internals/markLampiran.aux) (./src/99-backMatter/lampiran.aux))
 ***********
LaTeX2e <2024-06-01> patch level 2
L3 programming layer <2024-08-30>
 ***********
Package rerunfilecheck Info: File `laporan.out' has not changed.
(rerunfilecheck)             Checksum: 3282A8E563AC7F8B38641A5321454A7E;9256.
 ) 
Here is how much of TeX's memory you used:
 27848 strings out of 473579
 513526 string characters out of 5732263
 896844 words of memory out of 5000000
 49880 multiletter control sequences out of 15000+600000
 587008 words of font info for 91 fonts, out of 8000000 for 9000
 1274 hyphenation exceptions out of 8191
 114i,18n,115p,2510b,728s stack positions out of 10000i,1000n,20000p,200000b,200000s
<c:/texlive/2024/texmf-dist/fonts/type1/urw/helvetic/uhvb8a.pfb><c:/texlive/2024/texmf-dist/fonts/type1/urw/times/utmb8a.pfb><c:/texlive/2024/texmf-dist/fonts/type1/urw/times/utmbi8a.pfb><c:/texlive/2024/texmf-dist/fonts/type1/urw/times/utmr8a.pfb><c:/texlive/2024/texmf-dist/fonts/type1/urw/times/utmri8a.pfb>
Output written on laporan.pdf (68 pages, 9662314 bytes).
PDF statistics:
 761 PDF objects out of 1000 (max. 8388607)
 621 compressed objects within 7 object streams
 125 named destinations out of 1000 (max. 500000)
 553 words of extra memory for PDF output out of 10000 (max. 10000000)

